   Compiling bevy-car v0.1.0 (/home/reinhard/playground/bevy-car)
warning: variable `back_left` is assigned to, but never used
   --> src/main.rs:567:9
    |
567 |     let mut back_left = 20.0;
    |         ^^^^^^^^^^^^^
    |
    = note: consider using `_back_left` instead
    = note: `#[warn(unused_variables)]` (part of `#[warn(unused)]`) on by default

warning: variable `back_right` is assigned to, but never used
   --> src/main.rs:568:9
    |
568 |     let mut back_right = 20.0;
    |         ^^^^^^^^^^^^^^
    |
    = note: consider using `_back_right` instead

warning: value assigned to `back_left` is never read
   --> src/main.rs:579:53
    |
579 |                 DistanceSensorPosition::BackLeft => back_left = sensor.last_distance,
    |                                                     ^^^^^^^^^^^^^^^^^^^^^^^^^^^^^^^^
    |
    = help: maybe it is overwritten before being read?
    = note: `#[warn(unused_assignments)]` (part of `#[warn(unused)]`) on by default

warning: value assigned to `back_right` is never read
   --> src/main.rs:580:54
    |
580 |                 DistanceSensorPosition::BackRight => back_right = sensor.last_distance,
    |                                                      ^^^^^^^^^^^^^^^^^^^^^^^^^^^^^^^^^
    |
    = help: maybe it is overwritten before being read?

warning: unused variable: `car_pos`
   --> src/main.rs:791:9
    |
791 |     let car_pos = car_transform.translation;
    |         ^^^^^^^ help: if this is intentional, prefix it with an underscore: `_car_pos`

warning: field `right` is never read
  --> src/parking_ai.rs:31:9
   |
28 | pub struct CarState {
   |            -------- field in this struct
...
31 |     pub right: [f32; 3],
   |         ^^^^^
   |
   = note: `CarState` has derived impls for the traits `Clone` and `Debug`, but these are intentionally ignored during dead code analysis
   = note: `#[warn(dead_code)]` (part of `#[warn(unused)]`) on by default

warning: `bevy-car` (bin "bevy-car") generated 6 warnings (run `cargo fix --bin "bevy-car" -p bevy-car` to apply 1 suggestion)
    Finished `dev` profile [unoptimized + debuginfo] target(s) in 4.33s
     Running `target/debug/bevy-car`
[2m2026-04-06T19:16:17.615071Z[0m [32m INFO[0m [2mbevy_diagnostic::system_information_diagnostics_plugin::internal[0m[2m:[0m SystemInfo { os: "Linux (CachyOS Linux rolling)", kernel: "6.19.10-1-cachyos", cpu: "Intel(R) Core(TM) Ultra 9 288V", core_count: "8", memory: "30.9 GiB" }
[2m2026-04-06T19:16:17.626973Z[0m [32m INFO[0m [2mbevy_render::renderer[0m[2m:[0m AdapterInfo { name: "Intel(R) Graphics (LNL)", vendor: 32902, device: 25760, device_type: IntegratedGpu, driver: "Intel open-source Mesa driver", driver_info: "Mesa 26.0.3-arch2.2", backend: Vulkan }
[2m2026-04-06T19:16:17.802028Z[0m [32m INFO[0m [2mbevy_render::batching::gpu_preprocessing[0m[2m:[0m GPU preprocessing is fully supported on this device.
[2m2026-04-06T19:16:17.809241Z[0m [32m INFO[0m [2mbevy_winit::system[0m[2m:[0m Creating new window bevy-car (0v0)
[2m2026-04-06T19:16:17.812863Z[0m [33m WARN[0m [2mbevy_ecs::hierarchy[0m[2m:[0m warning[B0004]: Entity 61v0 with the <Enable the debug feature to see the name> component has a parent (60v0 entity) without <Enable the debug feature to see the name>.
This will cause inconsistent behaviors! See: https://bevy.org/learn/errors/b0004
[2m2026-04-06T19:16:17.813089Z[0m [33m WARN[0m [2mbevy_ecs::hierarchy[0m[2m:[0m warning[B0004]: Entity 63v0 with the <Enable the debug feature to see the name> component has a parent (62v0 entity) without <Enable the debug feature to see the name>.
This will cause inconsistent behaviors! See: https://bevy.org/learn/errors/b0004
[2m2026-04-06T19:16:17.823744Z[0m [32m INFO[0m [2mbevy_car[0m[2m:[0m AI State: Init, Throttle: 0.50, Steering: 0.63, Brake: false
{
  "ai_enabled": true,
  "ai_input": {
    "brake": false,
    "steering": 0.6405084729194641,
    "throttle": 0.2240736037492752
  },
  "car_forward": {
    "x": -0.00046766013838350773,
    "z": -0.9999999403953552
  },
  "car_position": {
    "x": -3.5,
    "y": 0.7818771004676819,
    "z": -1.6645535230636597
  },
  "car_rotation_y_deg": 0.026794953271746635,
  "car_speed": 1.5822787284851074,
  "sensors": {
    "back": 7.499542236328125,
    "back_left": 10.0,
    "back_right": 10.0,
    "front": 2.3444416522979736,
    "front_left": 10.0,
    "front_right": 10.0,
    "left": 10.0,
    "right": 10.0
  },
  "timestamp": 1.0004245042800903,
  "velocity": {
    "x": -1.0997555088820832e-9,
    "z": -1.5822787284851074
  }
}
[2m2026-04-06T19:16:19.644973Z[0m [32m INFO[0m [2mbevy_car[0m[2m:[0m AI State: Init, Throttle: 0.22, Steering: 0.64, Brake: false
[2m2026-04-06T19:16:19.678125Z[0m [32m INFO[0m [2mbevy_car[0m[2m:[0m AI State: Init, Throttle: 0.22, Steering: 0.65, Brake: false
[2m2026-04-06T19:16:19.710715Z[0m [32m INFO[0m [2mbevy_car[0m[2m:[0m AI State: Init, Throttle: 0.21, Steering: 0.65, Brake: false
[2m2026-04-06T19:16:19.745628Z[0m [32m INFO[0m [2mbevy_car[0m[2m:[0m AI State: Init, Throttle: 0.21, Steering: 0.66, Brake: false
{
  "ai_enabled": true,
  "ai_input": {
    "brake": false,
    "steering": 0.8759034276008606,
    "throttle": 0.10000000149011612
  },
  "car_forward": {
    "x": -0.11019005626440048,
    "z": -0.9939106106758118
  },
  "car_position": {
    "x": -3.5456695556640625,
    "y": 0.7989305853843689,
    "z": -2.598137378692627
  },
  "car_rotation_y_deg": 6.3262715339660645,
  "car_speed": 0.8352521657943726,
  "sensors": {
    "back": 8.5062837600708,
    "back_left": 10.0,
    "back_right": 10.0,
    "front": 1.4112874269485474,
    "front_left": 10.0,
    "front_right": 9.866371154785156,
    "left": 10.0,
    "right": 10.0
  },
  "timestamp": 2.0250468254089355,
  "velocity": {
    "x": -0.09035420417785645,
    "z": -0.8303506970405579
  }
}
[2m2026-04-06T19:16:20.671996Z[0m [32m INFO[0m [2mbevy_car[0m[2m:[0m AI State: Init, Throttle: 0.10, Steering: 0.88, Brake: false
[2m2026-04-06T19:16:20.699011Z[0m [32m INFO[0m [2mbevy_car[0m[2m:[0m AI State: Init, Throttle: 0.10, Steering: 0.88, Brake: false
[2m2026-04-06T19:16:20.724935Z[0m [32m INFO[0m [2mbevy_car[0m[2m:[0m AI State: Init, Throttle: 0.10, Steering: 0.89, Brake: false
{
  "ai_enabled": true,
  "ai_input": {
    "brake": false,
    "steering": 0.9321311712265015,
    "throttle": 0.10000000149011612
  },
  "car_forward": {
    "x": -0.12860606610774994,
    "z": -0.9916958212852478
  },
  "car_position": {
    "x": -3.5721592903137207,
    "y": 0.7989305853843689,
    "z": -2.8135077953338623
  },
  "car_rotation_y_deg": 7.389050006866455,
  "car_speed": 2.479617344786078e-10,
  "sensors": {
    "back": 8.76372241973877,
    "back_left": 10.0,
    "back_right": 10.0,
    "front": 1.1826932430267334,
    "front_left": 10.0,
    "front_right": 9.402220726013184,
    "left": 10.0,
    "right": 10.0
  },
  "timestamp": 3.018782377243042,
  "velocity": {
    "x": 0.0,
    "z": 0.0
  }
}
[2m2026-04-06T19:16:21.663976Z[0m [32m INFO[0m [2mbevy_car[0m[2m:[0m AI State: Init, Throttle: 0.10, Steering: 0.93, Brake: false
[2m2026-04-06T19:16:21.688835Z[0m [32m INFO[0m [2mbevy_car[0m[2m:[0m AI State: Init, Throttle: 0.10, Steering: 0.93, Brake: false
[2m2026-04-06T19:16:21.713429Z[0m [32m INFO[0m [2mbevy_car[0m[2m:[0m AI State: Init, Throttle: 0.10, Steering: 0.93, Brake: false
[2m2026-04-06T19:16:21.741917Z[0m [32m INFO[0m [2mbevy_car[0m[2m:[0m AI State: Init, Throttle: 0.10, Steering: 0.93, Brake: false
[2m2026-04-06T19:16:22.001512Z[0m [33m WARN[0m [2mbevy_gltf::loader[0m[2m:[0m Unknown vertex attribute TEXCOORD_2
{
  "ai_enabled": true,
  "ai_input": {
    "brake": false,
    "steering": 0.9327512383460999,
    "throttle": 0.10000000149011612
  },
  "car_forward": {
    "x": -0.12860606610774994,
    "z": -0.9916958212852478
  },
  "car_position": {
    "x": -3.572748899459839,
    "y": 0.7989313006401062,
    "z": -2.8180572986602783
  },
  "car_rotation_y_deg": 7.389050006866455,
  "car_speed": 2.2624245532565368e-10,
  "sensors": {
    "back": 8.768310546875,
    "back_left": 10.0,
    "back_right": 10.0,
    "front": 1.1781041622161865,
    "front_left": 10.0,
    "front_right": 9.396476745605469,
    "left": 10.0,
    "right": 10.0
  },
  "timestamp": 4.020090579986572,
  "velocity": {
    "x": 3.452185967316317e-18,
    "z": 5.523497547706107e-17
  }
}
[2m2026-04-06T19:16:22.669650Z[0m [32m INFO[0m [2mbevy_car[0m[2m:[0m AI State: Init, Throttle: 0.10, Steering: 0.93, Brake: false
[2m2026-04-06T19:16:22.684298Z[0m [32m INFO[0m [2mbevy_car[0m[2m:[0m AI State: Init, Throttle: 0.10, Steering: 0.93, Brake: false
[2m2026-04-06T19:16:22.706573Z[0m [32m INFO[0m [2mbevy_car[0m[2m:[0m AI State: Init, Throttle: 0.10, Steering: 0.93, Brake: false
[2m2026-04-06T19:16:22.733928Z[0m [32m INFO[0m [2mbevy_car[0m[2m:[0m AI State: Init, Throttle: 0.10, Steering: 0.93, Brake: false
{
  "ai_enabled": true,
  "ai_input": {
    "brake": false,
    "steering": 1.0,
    "throttle": -0.5
  },
  "car_forward": {
    "x": -0.12860606610774994,
    "z": -0.9916958212852478
  },
  "car_position": {
    "x": -3.5712485313415527,
    "y": 0.798930823802948,
    "z": -2.806485414505005
  },
  "car_rotation_y_deg": 7.389050006866455,
  "car_speed": 0.14985784888267517,
  "sensors": {
    "back": 8.759387016296387,
    "back_left": 10.0,
    "back_right": 10.0,
    "front": 1.1870263814926147,
    "front_left": 10.0,
    "front_right": 9.407648086547852,
    "left": 10.0,
    "right": 10.0
  },
  "timestamp": 5.016111850738525,
  "velocity": {
    "x": 0.01927262544631958,
    "z": 0.14861339330673218
  }
}
[2m2026-04-06T19:16:23.658679Z[0m [32m INFO[0m [2mbevy_car[0m[2m:[0m AI State: Avoiding, Throttle: -0.50, Steering: 1.00, Brake: false
[2m2026-04-06T19:16:23.677049Z[0m [32m INFO[0m [2mbevy_car[0m[2m:[0m AI State: Avoiding, Throttle: -0.50, Steering: 1.00, Brake: false
[2m2026-04-06T19:16:23.696021Z[0m [32m INFO[0m [2mbevy_car[0m[2m:[0m AI State: Avoiding, Throttle: -0.50, Steering: 1.00, Brake: false
[2m2026-04-06T19:16:23.714285Z[0m [32m INFO[0m [2mbevy_car[0m[2m:[0m AI State: Avoiding, Throttle: -0.50, Steering: 1.00, Brake: false
[2m2026-04-06T19:16:23.737985Z[0m [32m INFO[0m [2mbevy_car[0m[2m:[0m AI State: Avoiding, Throttle: -0.50, Steering: 1.00, Brake: false
{
  "ai_enabled": true,
  "ai_input": {
    "brake": false,
    "steering": 1.0,
    "throttle": -0.5
  },
  "car_forward": {
    "x": -0.05168207734823227,
    "z": -0.9986637234687805
  },
  "car_position": {
    "x": -3.517021656036377,
    "y": 0.7989314198493958,
    "z": -2.252293825149536
  },
  "car_rotation_y_deg": 2.96248459815979,
  "car_speed": 1.1400214433670044,
  "sensors": {
    "back": 8.14716911315918,
    "back_left": 10.0,
    "back_right": 10.0,
    "front": 1.7244378328323364,
    "front_left": 10.0,
    "front_right": 10.0,
    "left": 10.0,
    "right": 10.0
  },
  "timestamp": 6.012183666229248,
  "velocity": {
    "x": 0.0628698393702507,
    "z": 1.1382864713668823
  }
}
[2m2026-04-06T19:16:24.655452Z[0m [32m INFO[0m [2mbevy_car[0m[2m:[0m AI State: Avoiding, Throttle: -0.50, Steering: 1.00, Brake: false
[2m2026-04-06T19:16:24.678574Z[0m [32m INFO[0m [2mbevy_car[0m[2m:[0m AI State: Avoiding, Throttle: -0.50, Steering: 1.00, Brake: false
[2m2026-04-06T19:16:24.697840Z[0m [32m INFO[0m [2mbevy_car[0m[2m:[0m AI State: Avoiding, Throttle: -0.50, Steering: 1.00, Brake: false
[2m2026-04-06T19:16:24.727575Z[0m [32m INFO[0m [2mbevy_car[0m[2m:[0m AI State: Avoiding, Throttle: -0.50, Steering: 1.00, Brake: false
[2m2026-04-06T19:16:24.743725Z[0m [32m INFO[0m [2mbevy_car[0m[2m:[0m AI State: Avoiding, Throttle: -0.50, Steering: 1.00, Brake: false
{
  "ai_enabled": true,
  "ai_input": {
    "brake": false,
    "steering": 0.40488946437835693,
    "throttle": 0.3359801471233368
  },
  "car_forward": {
    "x": 0.15981480479240417,
    "z": -0.9871470332145691
  },
  "car_position": {
    "x": -3.58027982711792,
    "y": 0.7989314794540405,
    "z": -1.0488189458847046
  },
  "car_rotation_y_deg": -9.196146965026855,
  "car_speed": 1.7127406597137451,
  "sensors": {
    "back": 7.052587985992432,
    "back_left": 10.0,
    "back_right": 8.421494483947754,
    "front": 3.055525064468384,
    "front_left": 9.269769668579102,
    "front_right": 10.0,
    "left": 10.0,
    "right": 10.0
  },
  "timestamp": 7.004208087921143,
  "velocity": {
    "x": -0.27024969458580017,
    "z": 1.691285252571106
  }
}
[2m2026-04-06T19:16:25.654092Z[0m [32m INFO[0m [2mbevy_car[0m[2m:[0m AI State: NavigateToSpot, Throttle: 0.34, Steering: 0.40, Brake: false
[2m2026-04-06T19:16:25.687631Z[0m [32m INFO[0m [2mbevy_car[0m[2m:[0m AI State: NavigateToSpot, Throttle: 0.35, Steering: 0.40, Brake: false
[2m2026-04-06T19:16:25.705682Z[0m [32m INFO[0m [2mbevy_car[0m[2m:[0m AI State: NavigateToSpot, Throttle: 0.35, Steering: 0.40, Brake: false
[2m2026-04-06T19:16:25.725721Z[0m [32m INFO[0m [2mbevy_car[0m[2m:[0m AI State: NavigateToSpot, Throttle: 0.36, Steering: 0.39, Brake: false
[2m2026-04-06T19:16:25.743749Z[0m [32m INFO[0m [2mbevy_car[0m[2m:[0m AI State: NavigateToSpot, Throttle: 0.36, Steering: 0.39, Brake: false
{
  "ai_enabled": true,
  "ai_input": {
    "brake": false,
    "steering": 0.4028916358947754,
    "throttle": 0.3363596498966217
  },
  "car_forward": {
    "x": 0.16130636632442474,
    "z": -0.9869043827056885
  },
  "car_position": {
    "x": -3.5633926391601562,
    "y": 0.7989311218261719,
    "z": -1.1481218338012695
  },
  "car_rotation_y_deg": -9.282730102539062,
  "car_speed": 0.8472174406051636,
  "sensors": {
    "back": 7.115297317504883,
    "back_left": 10.0,
    "back_right": 8.465476989746094,
    "front": 3.003239393234253,
    "front_left": 9.027740478515625,
    "front_right": 10.0,
    "left": 10.0,
    "right": 10.0
  },
  "timestamp": 8.0151948928833,
  "velocity": {
    "x": 0.13713255524635315,
    "z": -0.836045503616333
  }
}
[2m2026-04-06T19:16:26.662514Z[0m [32m INFO[0m [2mbevy_car[0m[2m:[0m AI State: NavigateToSpot, Throttle: 0.33, Steering: 0.40, Brake: false
[2m2026-04-06T19:16:26.684561Z[0m [32m INFO[0m [2mbevy_car[0m[2m:[0m AI State: NavigateToSpot, Throttle: 0.33, Steering: 0.41, Brake: false
[2m2026-04-06T19:16:26.702697Z[0m [32m INFO[0m [2mbevy_car[0m[2m:[0m AI State: NavigateToSpot, Throttle: 0.33, Steering: 0.41, Brake: false
[2m2026-04-06T19:16:26.723439Z[0m [32m INFO[0m [2mbevy_car[0m[2m:[0m AI State: NavigateToSpot, Throttle: 0.33, Steering: 0.41, Brake: false
{
  "ai_enabled": true,
  "ai_input": {
    "brake": false,
    "steering": 0.5087947249412537,
    "throttle": 0.18926675617694855
  },
  "car_forward": {
    "x": 0.1171780452132225,
    "z": -0.9931110143661499
  },
  "car_position": {
    "x": -3.447364568710327,
    "y": 0.798931360244751,
    "z": -1.9615375995635986
  },
  "car_rotation_y_deg": -6.729267597198486,
  "car_speed": 0.8572630286216736,
  "sensors": {
    "back": 7.876729488372803,
    "back_left": 10.0,
    "back_right": 9.820629119873047,
    "front": 2.1356005668640137,
    "front_left": 8.253554344177246,
    "front_right": 10.0,
    "left": 10.0,
    "right": 10.0
  },
  "timestamp": 9.014657020568848,
  "velocity": {
    "x": 0.10123369842767715,
    "z": -0.8512647151947021
  }
}
[2m2026-04-06T19:16:27.659824Z[0m [32m INFO[0m [2mbevy_car[0m[2m:[0m AI State: NavigateToSpot, Throttle: 0.19, Steering: 0.51, Brake: false
[2m2026-04-06T19:16:27.679758Z[0m [32m INFO[0m [2mbevy_car[0m[2m:[0m AI State: NavigateToSpot, Throttle: 0.19, Steering: 0.51, Brake: false
[2m2026-04-06T19:16:27.699969Z[0m [32m INFO[0m [2mbevy_car[0m[2m:[0m AI State: NavigateToSpot, Throttle: 0.18, Steering: 0.52, Brake: false
[2m2026-04-06T19:16:27.725587Z[0m [32m INFO[0m [2mbevy_car[0m[2m:[0m AI State: NavigateToSpot, Throttle: 0.18, Steering: 0.52, Brake: false
{
  "ai_enabled": true,
  "ai_input": {
    "brake": false,
    "steering": 0.5555984377861023,
    "throttle": 0.12650717794895172
  },
  "car_forward": {
    "x": 0.10324107110500336,
    "z": -0.9946564435958862
  },
  "car_position": {
    "x": -3.409398078918457,
    "y": 0.7989312410354614,
    "z": -2.309621572494507
  },
  "car_rotation_y_deg": -5.925836563110352,
  "car_speed": 9.539069534270084e-10,
  "sensors": {
    "back": 8.2247314453125,
    "back_left": 10.0,
    "back_right": 10.0,
    "front": 1.7590430974960327,
    "front_left": 7.870434284210205,
    "front_right": 10.0,
    "left": 10.0,
    "right": 10.0
  },
  "timestamp": 10.01541519165039,
  "velocity": {
    "x": 0.0,
    "z": -9.266891143333567e-10
  }
}
[2m2026-04-06T19:16:28.661531Z[0m [32m INFO[0m [2mbevy_car[0m[2m:[0m AI State: NavigateToSpot, Throttle: 0.13, Steering: 0.56, Brake: false
[2m2026-04-06T19:16:28.677815Z[0m [32m INFO[0m [2mbevy_car[0m[2m:[0m AI State: NavigateToSpot, Throttle: 0.13, Steering: 0.56, Brake: false
[2m2026-04-06T19:16:28.700273Z[0m [32m INFO[0m [2mbevy_car[0m[2m:[0m AI State: NavigateToSpot, Throttle: 0.13, Steering: 0.56, Brake: false
[2m2026-04-06T19:16:28.721714Z[0m [32m INFO[0m [2mbevy_car[0m[2m:[0m AI State: NavigateToSpot, Throttle: 0.13, Steering: 0.56, Brake: false
[2m2026-04-06T19:16:28.742771Z[0m [32m INFO[0m [2mbevy_car[0m[2m:[0m AI State: NavigateToSpot, Throttle: 0.13, Steering: 0.56, Brake: false
{
  "ai_enabled": true,
  "ai_input": {
    "brake": false,
    "steering": 0.5556455850601196,
    "throttle": 0.12641042470932007
  },
  "car_forward": {
    "x": 0.10324107110500336,
    "z": -0.9946564435958862
  },
  "car_position": {
    "x": -3.4093449115753174,
    "y": 0.7989305853843689,
    "z": -2.3101375102996826
  },
  "car_rotation_y_deg": -5.925836563110352,
  "car_speed": 2.5343815587830498e-11,
  "sensors": {
    "back": 8.225312232971191,
    "back_left": 10.0,
    "back_right": 10.0,
    "front": 1.7584625482559204,
    "front_left": 7.869656085968018,
    "front_right": 10.0,
    "left": 10.0,
    "right": 10.0
  },
  "timestamp": 11.001120567321777,
  "velocity": {
    "x": 0.0,
    "z": 0.0
  }
}
[2m2026-04-06T19:16:29.653422Z[0m [32m INFO[0m [2mbevy_car[0m[2m:[0m AI State: NavigateToSpot, Throttle: 0.13, Steering: 0.56, Brake: false
[2m2026-04-06T19:16:29.676402Z[0m [32m INFO[0m [2mbevy_car[0m[2m:[0m AI State: NavigateToSpot, Throttle: 0.13, Steering: 0.56, Brake: false
[2m2026-04-06T19:16:29.691110Z[0m [32m INFO[0m [2mbevy_car[0m[2m:[0m AI State: NavigateToSpot, Throttle: 0.13, Steering: 0.56, Brake: false
[2m2026-04-06T19:16:29.715095Z[0m [32m INFO[0m [2mbevy_car[0m[2m:[0m AI State: NavigateToSpot, Throttle: 0.13, Steering: 0.56, Brake: false
[2m2026-04-06T19:16:29.739760Z[0m [32m INFO[0m [2mbevy_car[0m[2m:[0m AI State: NavigateToSpot, Throttle: 0.13, Steering: 0.56, Brake: false
{
  "ai_enabled": true,
  "ai_input": {
    "brake": false,
    "steering": 1.0,
    "throttle": -0.5
  },
  "car_forward": {
    "x": 0.10324107110500336,
    "z": -0.9946564435958862
  },
  "car_position": {
    "x": -3.4093666076660156,
    "y": 0.7989322543144226,
    "z": -2.3099422454833984
  },
  "car_rotation_y_deg": -5.925836563110352,
  "car_speed": 0.03864524886012077,
  "sensors": {
    "back": 8.226069450378418,
    "back_left": 10.0,
    "back_right": 10.0,
    "front": 1.7577037811279297,
    "front_left": 7.8686299324035645,
    "front_right": 10.0,
    "left": 10.0,
    "right": 10.0
  },
  "timestamp": 12.017011642456055,
  "velocity": {
    "x": -0.003989776596426964,
    "z": 0.038438744843006134
  }
}
[2m2026-04-06T19:16:30.661233Z[0m [32m INFO[0m [2mbevy_car[0m[2m:[0m AI State: Avoiding, Throttle: -0.50, Steering: 1.00, Brake: false
[2m2026-04-06T19:16:30.675956Z[0m [32m INFO[0m [2mbevy_car[0m[2m:[0m AI State: Avoiding, Throttle: -0.50, Steering: 1.00, Brake: false
[2m2026-04-06T19:16:30.700328Z[0m [32m INFO[0m [2mbevy_car[0m[2m:[0m AI State: Avoiding, Throttle: -0.50, Steering: 1.00, Brake: false
[2m2026-04-06T19:16:30.721271Z[0m [32m INFO[0m [2mbevy_car[0m[2m:[0m AI State: Avoiding, Throttle: -0.50, Steering: 1.00, Brake: false
[2m2026-04-06T19:16:30.746550Z[0m [32m INFO[0m [2mbevy_car[0m[2m:[0m AI State: Avoiding, Throttle: -0.50, Steering: 1.00, Brake: false
{
  "ai_enabled": true,
  "ai_input": {
    "brake": false,
    "steering": 1.0,
    "throttle": -0.5
  },
  "car_forward": {
    "x": 0.16386649012565613,
    "z": -0.986482560634613
  },
  "car_position": {
    "x": -3.468759775161743,
    "y": 0.7989310622215271,
    "z": -1.8436223268508911
  },
  "car_rotation_y_deg": -9.431392669677734,
  "car_speed": 1.0594793558120728,
  "sensors": {
    "back": 7.851038932800293,
    "back_left": 10.0,
    "back_right": 9.368622779846191,
    "front": 2.2632229328155518,
    "front_left": 8.08256721496582,
    "front_right": 10.0,
    "left": 10.0,
    "right": 10.0
  },
  "timestamp": 13.00444221496582,
  "velocity": {
    "x": -0.17029200494289398,
    "z": 1.0457041263580322
  }
}
[2m2026-04-06T19:16:31.649489Z[0m [32m INFO[0m [2mbevy_car[0m[2m:[0m AI State: Avoiding, Throttle: -0.50, Steering: 1.00, Brake: false
[2m2026-04-06T19:16:31.674311Z[0m [32m INFO[0m [2mbevy_car[0m[2m:[0m AI State: Avoiding, Throttle: -0.50, Steering: 1.00, Brake: false
[2m2026-04-06T19:16:31.691793Z[0m [32m INFO[0m [2mbevy_car[0m[2m:[0m AI State: Avoiding, Throttle: -0.50, Steering: 1.00, Brake: false
[2m2026-04-06T19:16:31.720429Z[0m [32m INFO[0m [2mbevy_car[0m[2m:[0m AI State: Avoiding, Throttle: -0.50, Steering: 1.00, Brake: false
[2m2026-04-06T19:16:31.737429Z[0m [32m INFO[0m [2mbevy_car[0m[2m:[0m AI State: Avoiding, Throttle: -0.50, Steering: 1.00, Brake: false
{
  "ai_enabled": true,
  "ai_input": {
    "brake": false,
    "steering": 0.272737592458725,
    "throttle": 0.5
  },
  "car_forward": {
    "x": 0.2698289453983307,
    "z": -0.9629083871841431
  },
  "car_position": {
    "x": -3.617936849594116,
    "y": 0.7989312410354614,
    "z": -1.1805163621902466
  },
  "car_rotation_y_deg": -15.654088973999023,
  "car_speed": 0.5657829642295837,
  "sensors": {
    "back": 7.383041858673096,
    "back_left": 10.0,
    "back_right": 7.876556873321533,
    "front": 9.62402057647705,
    "front_left": 8.7550630569458,
    "front_right": 10.0,
    "left": 10.0,
    "right": 10.0
  },
  "timestamp": 14.009429931640625,
  "velocity": {
    "x": 0.15270887315273285,
    "z": -0.5447847247123718
  }
}
[2m2026-04-06T19:16:32.655458Z[0m [32m INFO[0m [2mbevy_car[0m[2m:[0m AI State: NavigateToSpot, Throttle: 0.50, Steering: 0.27, Brake: false
[2m2026-04-06T19:16:32.674655Z[0m [32m INFO[0m [2mbevy_car[0m[2m:[0m AI State: NavigateToSpot, Throttle: 0.50, Steering: 0.27, Brake: false
[2m2026-04-06T19:16:32.698840Z[0m [32m INFO[0m [2mbevy_car[0m[2m:[0m AI State: NavigateToSpot, Throttle: 0.50, Steering: 0.27, Brake: false
[2m2026-04-06T19:16:32.718947Z[0m [32m INFO[0m [2mbevy_car[0m[2m:[0m AI State: NavigateToSpot, Throttle: 0.50, Steering: 0.27, Brake: false
[2m2026-04-06T19:16:32.744612Z[0m [32m INFO[0m [2mbevy_car[0m[2m:[0m AI State: NavigateToSpot, Throttle: 0.50, Steering: 0.28, Brake: false
{
  "ai_enabled": true,
  "ai_input": {
    "brake": false,
    "steering": 0.39196181297302246,
    "throttle": 0.14305733144283295
  },
  "car_forward": {
    "x": 0.2185874730348587,
    "z": -0.9758174419403076
  },
  "car_position": {
    "x": -3.3144350051879883,
    "y": 0.7989267110824585,
    "z": -2.358696222305298
  },
  "car_rotation_y_deg": -12.626082420349121,
  "car_speed": 1.9894773960113525,
  "sensors": {
    "back": 8.451213836669922,
    "back_left": 10.0,
    "back_right": 9.515634536743164,
    "front": 1.8583439588546753,
    "front_left": 8.17298698425293,
    "front_right": 10.0,
    "left": 10.0,
    "right": 10.0
  },
  "timestamp": 15.006691932678223,
  "velocity": {
    "x": 0.4384077489376068,
    "z": -1.9405717849731445
  }
}
[2m2026-04-06T19:16:33.658002Z[0m [32m INFO[0m [2mbevy_car[0m[2m:[0m AI State: NavigateToSpot, Throttle: 0.14, Steering: 0.40, Brake: false
[2m2026-04-06T19:16:33.679871Z[0m [32m INFO[0m [2mbevy_car[0m[2m:[0m AI State: NavigateToSpot, Throttle: 0.13, Steering: 0.40, Brake: false
[2m2026-04-06T19:16:33.696835Z[0m [32m INFO[0m [2mbevy_car[0m[2m:[0m AI State: NavigateToSpot, Throttle: 0.13, Steering: 0.40, Brake: false
[2m2026-04-06T19:16:33.714290Z[0m [32m INFO[0m [2mbevy_car[0m[2m:[0m AI State: NavigateToSpot, Throttle: 0.12, Steering: 0.41, Brake: false
[2m2026-04-06T19:16:33.732399Z[0m [32m INFO[0m [2mbevy_car[0m[2m:[0m AI State: NavigateToSpot, Throttle: 0.12, Steering: 0.41, Brake: false
{
  "ai_enabled": true,
  "ai_input": {
    "brake": false,
    "steering": 0.0,
    "throttle": -0.6000000238418579
  },
  "car_forward": {
    "x": 0.16033221781253815,
    "z": -0.9870632886886597
  },
  "car_position": {
    "x": -3.136336326599121,
    "y": 0.7989313006401062,
    "z": -3.2801661491394043
  },
  "car_rotation_y_deg": -9.226180076599121,
  "car_speed": 0.18192529678344727,
  "sensors": {
    "back": 9.284130096435547,
    "back_left": 10.0,
    "back_right": 10.0,
    "front": 0.8368439674377441,
    "front_left": 7.5622782707214355,
    "front_right": 9.33871078491211,
    "left": 10.0,
    "right": 10.0
  },
  "timestamp": 16.013389587402344,
  "velocity": {
    "x": 0.0291685089468956,
    "z": -0.1795717477798462
  }
}
[2m2026-04-06T19:16:34.664124Z[0m [32m INFO[0m [2mbevy_car[0m[2m:[0m AI State: EmergencyStop, Throttle: -0.60, Steering: 0.00, Brake: false
[2m2026-04-06T19:16:34.680984Z[0m [32m INFO[0m [2mbevy_car[0m[2m:[0m AI State: EmergencyStop, Throttle: -0.60, Steering: 0.00, Brake: false
[2m2026-04-06T19:16:34.700678Z[0m [32m INFO[0m [2mbevy_car[0m[2m:[0m AI State: EmergencyStop, Throttle: -0.60, Steering: 0.00, Brake: false
[2m2026-04-06T19:16:34.719511Z[0m [32m INFO[0m [2mbevy_car[0m[2m:[0m AI State: EmergencyStop, Throttle: -0.60, Steering: 0.00, Brake: false
[2m2026-04-06T19:16:34.744978Z[0m [32m INFO[0m [2mbevy_car[0m[2m:[0m AI State: EmergencyStop, Throttle: -0.60, Steering: 0.00, Brake: false
{
  "ai_enabled": true,
  "ai_input": {
    "brake": false,
    "steering": 0.0,
    "throttle": -0.6000000238418579
  },
  "car_forward": {
    "x": 0.16033221781253815,
    "z": -0.9870632886886597
  },
  "car_position": {
    "x": -3.245802164077759,
    "y": 0.7989310026168823,
    "z": -2.606250524520874
  },
  "car_rotation_y_deg": -9.226180076599121,
  "car_speed": 1.632354497909546,
  "sensors": {
    "back": 8.632384300231934,
    "back_left": 10.0,
    "back_right": 10.0,
    "front": 1.4885879755020142,
    "front_left": 7.604394912719727,
    "front_right": 10.0,
    "left": 10.0,
    "right": 10.0
  },
  "timestamp": 17.009164810180664,
  "velocity": {
    "x": -0.2617190182209015,
    "z": 1.6112369298934937
  }
}
[2m2026-04-06T19:16:35.655645Z[0m [32m INFO[0m [2mbevy_car[0m[2m:[0m AI State: EmergencyStop, Throttle: -0.60, Steering: 0.00, Brake: false
[2m2026-04-06T19:16:35.673914Z[0m [32m INFO[0m [2mbevy_car[0m[2m:[0m AI State: EmergencyStop, Throttle: -0.60, Steering: 0.00, Brake: false
[2m2026-04-06T19:16:35.692294Z[0m [32m INFO[0m [2mbevy_car[0m[2m:[0m AI State: EmergencyStop, Throttle: -0.60, Steering: 0.00, Brake: false
[2m2026-04-06T19:16:35.719965Z[0m [32m INFO[0m [2mbevy_car[0m[2m:[0m AI State: EmergencyStop, Throttle: -0.60, Steering: 0.00, Brake: false
[2m2026-04-06T19:16:35.744333Z[0m [32m INFO[0m [2mbevy_car[0m[2m:[0m AI State: EmergencyStop, Throttle: -0.60, Steering: 0.00, Brake: false
{
  "ai_enabled": true,
  "ai_input": {
    "brake": false,
    "steering": 0.0,
    "throttle": -0.6000000238418579
  },
  "car_forward": {
    "x": 0.16033221781253815,
    "z": -0.9870632886886597
  },
  "car_position": {
    "x": -3.5557661056518555,
    "y": 0.7989305853843689,
    "z": -0.6980000734329224
  },
  "car_rotation_y_deg": -9.226180076599121,
  "car_speed": 3.038483142852783,
  "sensors": {
    "back": 6.7226762771606445,
    "back_left": 10.0,
    "back_right": 8.000936508178711,
    "front": 3.3982956409454346,
    "front_left": 10.0,
    "front_right": 10.0,
    "left": 10.0,
    "right": 10.0
  },
  "timestamp": 18.02802276611328,
  "velocity": {
    "x": -0.4871666729450226,
    "z": 2.9991745948791504
  }
}
[2m2026-04-06T19:16:36.671353Z[0m [32m INFO[0m [2mbevy_car[0m[2m:[0m AI State: EmergencyStop, Throttle: -0.60, Steering: 0.00, Brake: false
[2m2026-04-06T19:16:36.690455Z[0m [32m INFO[0m [2mbevy_car[0m[2m:[0m AI State: EmergencyStop, Throttle: -0.60, Steering: 0.00, Brake: false
[2m2026-04-06T19:16:36.711858Z[0m [32m INFO[0m [2mbevy_car[0m[2m:[0m AI State: NavigateToSpot, Throttle: 0.43, Steering: 0.37, Brake: false
[2m2026-04-06T19:16:36.732628Z[0m [32m INFO[0m [2mbevy_car[0m[2m:[0m AI State: NavigateToSpot, Throttle: 0.43, Steering: 0.36, Brake: false
{
  "ai_enabled": true,
  "ai_input": {
    "brake": false,
    "steering": 0.3349072337150574,
    "throttle": 0.4735621213912964
  },
  "car_forward": {
    "x": 0.1767754852771759,
    "z": -0.9842513203620911
  },
  "car_position": {
    "x": -3.6079463958740234,
    "y": 0.7989313006401062,
    "z": -0.3788570165634155
  },
  "car_rotation_y_deg": -10.181997299194336,
  "car_speed": 1.229426622390747,
  "sensors": {
    "back": 6.3525495529174805,
    "back_left": 10.0,
    "back_right": 7.4164018630981445,
    "front": 3.8199057579040527,
    "front_left": 10.0,
    "front_right": 10.0,
    "left": 10.0,
    "right": 10.0
  },
  "timestamp": 19.002391815185547,
  "velocity": {
    "x": 0.21829824149608612,
    "z": -1.2098907232284546
  }
}
[2m2026-04-06T19:16:37.653362Z[0m [32m INFO[0m [2mbevy_car[0m[2m:[0m AI State: NavigateToSpot, Throttle: 0.47, Steering: 0.34, Brake: false
[2m2026-04-06T19:16:37.669501Z[0m [32m INFO[0m [2mbevy_car[0m[2m:[0m AI State: NavigateToSpot, Throttle: 0.47, Steering: 0.34, Brake: false
[2m2026-04-06T19:16:37.687665Z[0m [32m INFO[0m [2mbevy_car[0m[2m:[0m AI State: NavigateToSpot, Throttle: 0.46, Steering: 0.34, Brake: false
[2m2026-04-06T19:16:37.707851Z[0m [32m INFO[0m [2mbevy_car[0m[2m:[0m AI State: NavigateToSpot, Throttle: 0.46, Steering: 0.34, Brake: false
[2m2026-04-06T19:16:37.727282Z[0m [32m INFO[0m [2mbevy_car[0m[2m:[0m AI State: NavigateToSpot, Throttle: 0.45, Steering: 0.35, Brake: false
[2m2026-04-06T19:16:37.748817Z[0m [32m INFO[0m [2mbevy_car[0m[2m:[0m AI State: NavigateToSpot, Throttle: 0.45, Steering: 0.35, Brake: false
{
  "ai_enabled": true,
  "ai_input": {
    "brake": false,
    "steering": 0.533644437789917,
    "throttle": 0.20824754238128662
  },
  "car_forward": {
    "x": 0.08129552006721497,
    "z": -0.9966902136802673
  },
  "car_position": {
    "x": -3.4061594009399414,
    "y": 0.7989307045936584,
    "z": -1.8448681831359863
  },
  "car_rotation_y_deg": -4.663036346435547,
  "car_speed": 2.024419069290161,
  "sensors": {
    "back": 7.7063093185424805,
    "back_left": 10.0,
    "back_right": 9.949262619018555,
    "front": 2.2494852542877197,
    "front_left": 10.0,
    "front_right": 10.0,
    "left": 10.0,
    "right": 10.0
  },
  "timestamp": 20.005821228027344,
  "velocity": {
    "x": 0.17092226445674896,
    "z": -2.01719069480896
  }
}
[2m2026-04-06T19:16:38.649757Z[0m [32m INFO[0m [2mbevy_car[0m[2m:[0m AI State: NavigateToSpot, Throttle: 0.20, Steering: 0.54, Brake: false
[2m2026-04-06T19:16:38.676047Z[0m [32m INFO[0m [2mbevy_car[0m[2m:[0m AI State: NavigateToSpot, Throttle: 0.20, Steering: 0.55, Brake: false
[2m2026-04-06T19:16:38.694465Z[0m [32m INFO[0m [2mbevy_car[0m[2m:[0m AI State: NavigateToSpot, Throttle: 0.20, Steering: 0.55, Brake: false
[2m2026-04-06T19:16:38.712963Z[0m [32m INFO[0m [2mbevy_car[0m[2m:[0m AI State: NavigateToSpot, Throttle: 0.18, Steering: 0.56, Brake: false
[2m2026-04-06T19:16:38.733014Z[0m [32m INFO[0m [2mbevy_car[0m[2m:[0m AI State: NavigateToSpot, Throttle: 0.18, Steering: 0.57, Brake: false
{
  "ai_enabled": true,
  "ai_input": {
    "brake": false,
    "steering": 0.7870988249778748,
    "throttle": 0.10000000149011612
  },
  "car_forward": {
    "x": -0.03271999955177307,
    "z": -0.9994646310806274
  },
  "car_position": {
    "x": -3.3757994174957275,
    "y": 0.7989332675933838,
    "z": -2.9310109615325928
  },
  "car_rotation_y_deg": 1.875052571296692,
  "car_speed": 0.6084428429603577,
  "sensors": {
    "back": 8.785975456237793,
    "back_left": 10.0,
    "back_right": 10.0,
    "front": 1.0916213989257812,
    "front_left": 10.0,
    "front_right": 10.0,
    "left": 10.0,
    "right": 10.0
  },
  "timestamp": 21.015966415405273,
  "velocity": {
    "x": -0.019227150827646255,
    "z": -0.6081389784812927
  }
}
[2m2026-04-06T19:16:39.664955Z[0m [32m INFO[0m [2mbevy_car[0m[2m:[0m AI State: NavigateToSpot, Throttle: 0.10, Steering: 0.79, Brake: false
[2m2026-04-06T19:16:39.680765Z[0m [32m INFO[0m [2mbevy_car[0m[2m:[0m AI State: NavigateToSpot, Throttle: 0.10, Steering: 0.79, Brake: false
[2m2026-04-06T19:16:39.707885Z[0m [32m INFO[0m [2mbevy_car[0m[2m:[0m AI State: NavigateToSpot, Throttle: 0.10, Steering: 0.79, Brake: false
[2m2026-04-06T19:16:39.723305Z[0m [32m INFO[0m [2mbevy_car[0m[2m:[0m AI State: NavigateToSpot, Throttle: 0.10, Steering: 0.80, Brake: false
[2m2026-04-06T19:16:39.740532Z[0m [32m INFO[0m [2mbevy_car[0m[2m:[0m AI State: NavigateToSpot, Throttle: 0.10, Steering: 0.80, Brake: false
{
  "ai_enabled": true,
  "ai_input": {
    "brake": false,
    "steering": 0.8081895709037781,
    "throttle": 0.10000000149011612
  },
  "car_forward": {
    "x": -0.03680354356765747,
    "z": -0.9993225932121277
  },
  "car_position": {
    "x": -3.379633903503418,
    "y": 0.7989311218261719,
    "z": -3.0380871295928955
  },
  "car_rotation_y_deg": 2.109163999557495,
  "car_speed": 1.160762735930021e-10,
  "sensors": {
    "back": 8.905542373657227,
    "back_left": 10.0,
    "back_right": 10.0,
    "front": 0.9732269048690796,
    "front_left": 10.0,
    "front_right": 9.950447082519531,
    "left": 10.0,
    "right": 10.0
  },
  "timestamp": 22.021102905273438,
  "velocity": {
    "x": 7.239758705729349e-12,
    "z": 1.1583613929166958e-10
  }
}
[2m2026-04-06T19:16:40.666240Z[0m [32m INFO[0m [2mbevy_car[0m[2m:[0m AI State: NavigateToSpot, Throttle: 0.10, Steering: 0.81, Brake: false
[2m2026-04-06T19:16:40.685331Z[0m [32m INFO[0m [2mbevy_car[0m[2m:[0m AI State: NavigateToSpot, Throttle: 0.10, Steering: 0.81, Brake: false
[2m2026-04-06T19:16:40.709110Z[0m [32m INFO[0m [2mbevy_car[0m[2m:[0m AI State: NavigateToSpot, Throttle: 0.10, Steering: 0.81, Brake: false
[2m2026-04-06T19:16:40.729597Z[0m [32m INFO[0m [2mbevy_car[0m[2m:[0m AI State: NavigateToSpot, Throttle: 0.10, Steering: 0.81, Brake: false
{
  "ai_enabled": true,
  "ai_input": {
    "brake": false,
    "steering": 0.808192253112793,
    "throttle": 0.10000000149011612
  },
  "car_forward": {
    "x": -0.03680354356765747,
    "z": -0.9993225932121277
  },
  "car_position": {
    "x": -3.379636526107788,
    "y": 0.7989328503608704,
    "z": -3.0381486415863037
  },
  "car_rotation_y_deg": 2.109163999557495,
  "car_speed": 1.868506460667163e-9,
  "sensors": {
    "back": 8.905563354492188,
    "back_left": 10.0,
    "back_right": 10.0,
    "front": 0.9732016324996948,
    "front_left": 10.0,
    "front_right": 9.950416564941406,
    "left": 10.0,
    "right": 10.0
  },
  "timestamp": 23.00375747680664,
  "velocity": {
    "x": 8.687710273402871e-11,
    "z": 1.8533782286667133e-9
  }
}
[2m2026-04-06T19:16:41.651316Z[0m [32m INFO[0m [2mbevy_car[0m[2m:[0m AI State: NavigateToSpot, Throttle: 0.10, Steering: 0.81, Brake: false
[2m2026-04-06T19:16:41.668457Z[0m [32m INFO[0m [2mbevy_car[0m[2m:[0m AI State: NavigateToSpot, Throttle: 0.10, Steering: 0.81, Brake: false
[2m2026-04-06T19:16:41.687163Z[0m [32m INFO[0m [2mbevy_car[0m[2m:[0m AI State: NavigateToSpot, Throttle: 0.10, Steering: 0.81, Brake: false
[2m2026-04-06T19:16:41.711963Z[0m [32m INFO[0m [2mbevy_car[0m[2m:[0m AI State: NavigateToSpot, Throttle: 0.10, Steering: 0.81, Brake: false
[2m2026-04-06T19:16:41.729286Z[0m [32m INFO[0m [2mbevy_car[0m[2m:[0m AI State: NavigateToSpot, Throttle: 0.10, Steering: 0.81, Brake: false
{
  "ai_enabled": true,
  "ai_input": {
    "brake": false,
    "steering": 1.0,
    "throttle": -0.5
  },
  "car_forward": {
    "x": -0.033218853175640106,
    "z": -0.9994480609893799
  },
  "car_position": {
    "x": -3.37685489654541,
    "y": 0.7989312410354614,
    "z": -2.9618048667907715
  },
  "car_rotation_y_deg": 1.9036504030227661,
  "car_speed": 0.5507066249847412,
  "sensors": {
    "back": 8.837862014770508,
    "back_left": 10.0,
    "back_right": 10.0,
    "front": 1.040338397026062,
    "front_left": 10.0,
    "front_right": 10.0,
    "left": 10.0,
    "right": 10.0
  },
  "timestamp": 24.020158767700195,
  "velocity": {
    "x": 0.01905827224254608,
    "z": 0.5503767132759094
  }
}
[2m2026-04-06T19:16:42.669451Z[0m [32m INFO[0m [2mbevy_car[0m[2m:[0m AI State: Avoiding, Throttle: -0.50, Steering: 1.00, Brake: false
[2m2026-04-06T19:16:42.688386Z[0m [32m INFO[0m [2mbevy_car[0m[2m:[0m AI State: Avoiding, Throttle: -0.50, Steering: 1.00, Brake: false
[2m2026-04-06T19:16:42.705138Z[0m [32m INFO[0m [2mbevy_car[0m[2m:[0m AI State: Avoiding, Throttle: -0.50, Steering: 1.00, Brake: false
[2m2026-04-06T19:16:42.723670Z[0m [32m INFO[0m [2mbevy_car[0m[2m:[0m AI State: Avoiding, Throttle: -0.50, Steering: 1.00, Brake: false
[2m2026-04-06T19:16:42.741140Z[0m [32m INFO[0m [2mbevy_car[0m[2m:[0m AI State: Avoiding, Throttle: -0.50, Steering: 1.00, Brake: false
{
  "ai_enabled": true,
  "ai_input": {
    "brake": false,
    "steering": 1.0,
    "throttle": -0.5
  },
  "car_forward": {
    "x": 0.10680548846721649,
    "z": -0.9942799210548401
  },
  "car_position": {
    "x": -3.40519380569458,
    "y": 0.7989319562911987,
    "z": -2.1206893920898438
  },
  "car_rotation_y_deg": -6.131198406219482,
  "car_speed": 1.2642664909362793,
  "sensors": {
    "back": 8.05617904663086,
    "back_left": 10.0,
    "back_right": 10.0,
    "front": 1.929250717163086,
    "front_left": 8.113565444946289,
    "front_right": 10.0,
    "left": 10.0,
    "right": 10.0
  },
  "timestamp": 25.004098892211914,
  "velocity": {
    "x": -0.1301122009754181,
    "z": 1.2575534582138062
  }
}
[2m2026-04-06T19:16:43.649433Z[0m [32m INFO[0m [2mbevy_car[0m[2m:[0m AI State: Avoiding, Throttle: -0.50, Steering: 1.00, Brake: false
[2m2026-04-06T19:16:43.666351Z[0m [32m INFO[0m [2mbevy_car[0m[2m:[0m AI State: Avoiding, Throttle: -0.50, Steering: 1.00, Brake: false
[2m2026-04-06T19:16:43.686185Z[0m [32m INFO[0m [2mbevy_car[0m[2m:[0m AI State: Avoiding, Throttle: -0.50, Steering: 1.00, Brake: false
[2m2026-04-06T19:16:43.705928Z[0m [32m INFO[0m [2mbevy_car[0m[2m:[0m AI State: Avoiding, Throttle: -0.50, Steering: 1.00, Brake: false
[2m2026-04-06T19:16:43.726523Z[0m [32m INFO[0m [2mbevy_car[0m[2m:[0m AI State: Avoiding, Throttle: -0.50, Steering: 1.00, Brake: false
{
  "ai_enabled": true,
  "ai_input": {
    "brake": false,
    "steering": 0.26529616117477417,
    "throttle": 0.5
  },
  "car_forward": {
    "x": 0.2697747051715851,
    "z": -0.9629235863685608
  },
  "car_position": {
    "x": -3.6090335845947266,
    "y": 0.7989320755004883,
    "z": -1.095287561416626
  },
  "car_rotation_y_deg": -15.650861740112305,
  "car_speed": 0.2365884780883789,
  "sensors": {
    "back": 7.299684524536133,
    "back_left": 10.0,
    "back_right": 7.785516738891602,
    "front": 9.706570625305176,
    "front_left": 8.810864448547363,
    "front_right": 10.0,
    "left": 10.0,
    "right": 10.0
  },
  "timestamp": 26.00323486328125,
  "velocity": {
    "x": 0.0638255923986435,
    "z": -0.2278165966272354
  }
}
[2m2026-04-06T19:16:44.648101Z[0m [32m INFO[0m [2mbevy_car[0m[2m:[0m AI State: NavigateToSpot, Throttle: 0.50, Steering: 0.27, Brake: false
[2m2026-04-06T19:16:44.660780Z[0m [32m INFO[0m [2mbevy_car[0m[2m:[0m AI State: NavigateToSpot, Throttle: 0.50, Steering: 0.27, Brake: false
[2m2026-04-06T19:16:44.681324Z[0m [32m INFO[0m [2mbevy_car[0m[2m:[0m AI State: NavigateToSpot, Throttle: 0.50, Steering: 0.27, Brake: false
[2m2026-04-06T19:16:44.703282Z[0m [32m INFO[0m [2mbevy_car[0m[2m:[0m AI State: NavigateToSpot, Throttle: 0.50, Steering: 0.27, Brake: false
[2m2026-04-06T19:16:44.724996Z[0m [32m INFO[0m [2mbevy_car[0m[2m:[0m AI State: NavigateToSpot, Throttle: 0.50, Steering: 0.27, Brake: false
[2m2026-04-06T19:16:44.742743Z[0m [32m INFO[0m [2mbevy_car[0m[2m:[0m AI State: NavigateToSpot, Throttle: 0.50, Steering: 0.27, Brake: false
{
  "ai_enabled": true,
  "ai_input": {
    "brake": false,
    "steering": 0.36597201228141785,
    "throttle": 0.16600756347179413
  },
  "car_forward": {
    "x": 0.2290620356798172,
    "z": -0.9734119176864624
  },
  "car_position": {
    "x": -3.306833267211914,
    "y": 0.7989313006401062,
    "z": -2.24302077293396
  },
  "car_rotation_y_deg": -13.24185562133789,
  "car_speed": 1.7708994150161743,
  "sensors": {
    "back": 8.355602264404297,
    "back_left": 10.0,
    "back_right": 9.309074401855469,
    "front": 1.9960453510284424,
    "front_left": 8.38084602355957,
    "front_right": 10.0,
    "left": 10.0,
    "right": 10.0
  },
  "timestamp": 27.015302658081055,
  "velocity": {
    "x": 0.4084566831588745,
    "z": -1.7231504917144775
  }
}
[2m2026-04-06T19:16:45.658886Z[0m [32m INFO[0m [2mbevy_car[0m[2m:[0m AI State: NavigateToSpot, Throttle: 0.17, Steering: 0.37, Brake: false
[2m2026-04-06T19:16:45.678434Z[0m [32m INFO[0m [2mbevy_car[0m[2m:[0m AI State: NavigateToSpot, Throttle: 0.16, Steering: 0.37, Brake: false
[2m2026-04-06T19:16:45.697920Z[0m [32m INFO[0m [2mbevy_car[0m[2m:[0m AI State: NavigateToSpot, Throttle: 0.15, Steering: 0.38, Brake: false
[2m2026-04-06T19:16:45.715226Z[0m [32m INFO[0m [2mbevy_car[0m[2m:[0m AI State: NavigateToSpot, Throttle: 0.15, Steering: 0.38, Brake: false
[2m2026-04-06T19:16:45.735725Z[0m [32m INFO[0m [2mbevy_car[0m[2m:[0m AI State: NavigateToSpot, Throttle: 0.15, Steering: 0.38, Brake: false
{
  "ai_enabled": true,
  "ai_input": {
    "brake": false,
    "steering": 0.4678874909877777,
    "throttle": 0.10000000149011612
  },
  "car_forward": {
    "x": 0.1931256353855133,
    "z": -0.9811740517616272
  },
  "car_position": {
    "x": -3.1432602405548096,
    "y": 0.7989336848258972,
    "z": -3.006856679916382
  },
  "car_rotation_y_deg": -11.135249137878418,
  "car_speed": 3.252456914903945e-10,
  "sensors": {
    "back": 9.077033996582031,
    "back_left": 10.0,
    "back_right": 10.0,
    "front": 1.1420519351959229,
    "front_left": 8.69399642944336,
    "front_right": 10.0,
    "left": 10.0,
    "right": 10.0
  },
  "timestamp": 28.004898071289062,
  "velocity": {
    "x": 5.791806964583479e-11,
    "z": -2.3167227858333916e-10
  }
}
[2m2026-04-06T19:16:46.650872Z[0m [32m INFO[0m [2mbevy_car[0m[2m:[0m AI State: NavigateToSpot, Throttle: 0.10, Steering: 0.47, Brake: false
[2m2026-04-06T19:16:46.665609Z[0m [32m INFO[0m [2mbevy_car[0m[2m:[0m AI State: NavigateToSpot, Throttle: 0.10, Steering: 0.47, Brake: false
[2m2026-04-06T19:16:46.683480Z[0m [32m INFO[0m [2mbevy_car[0m[2m:[0m AI State: NavigateToSpot, Throttle: 0.10, Steering: 0.47, Brake: false
[2m2026-04-06T19:16:46.707397Z[0m [32m INFO[0m [2mbevy_car[0m[2m:[0m AI State: NavigateToSpot, Throttle: 0.10, Steering: 0.47, Brake: false
[2m2026-04-06T19:16:46.726896Z[0m [32m INFO[0m [2mbevy_car[0m[2m:[0m AI State: NavigateToSpot, Throttle: 0.10, Steering: 0.47, Brake: false
[2m2026-04-06T19:16:46.741004Z[0m [32m INFO[0m [2mbevy_car[0m[2m:[0m AI State: NavigateToSpot, Throttle: 0.10, Steering: 0.47, Brake: false
{
  "ai_enabled": true,
  "ai_input": {
    "brake": false,
    "steering": 0.46790656447410583,
    "throttle": 0.10000000149011612
  },
  "car_forward": {
    "x": 0.1931256353855133,
    "z": -0.9811740517616272
  },
  "car_position": {
    "x": -3.1432602405548096,
    "y": 0.7989310622215271,
    "z": -3.006856679916382
  },
  "car_rotation_y_deg": -11.135249137878418,
  "car_speed": 1.2668251864189628e-11,
  "sensors": {
    "back": 9.077280044555664,
    "back_left": 10.0,
    "back_right": 10.0,
    "front": 1.1418051719665527,
    "front_left": 8.693705558776855,
    "front_right": 10.0,
    "left": 10.0,
    "right": 10.0
  },
  "timestamp": 29.016077041625977,
  "velocity": {
    "x": -1.3808743869265268e-17,
    "z": 0.0
  }
}
[2m2026-04-06T19:16:47.660321Z[0m [32m INFO[0m [2mbevy_car[0m[2m:[0m AI State: NavigateToSpot, Throttle: 0.10, Steering: 0.47, Brake: false
[2m2026-04-06T19:16:47.682404Z[0m [32m INFO[0m [2mbevy_car[0m[2m:[0m AI State: NavigateToSpot, Throttle: 0.10, Steering: 0.47, Brake: false
[2m2026-04-06T19:16:47.707042Z[0m [32m INFO[0m [2mbevy_car[0m[2m:[0m AI State: NavigateToSpot, Throttle: 0.10, Steering: 0.47, Brake: false
[2m2026-04-06T19:16:47.725024Z[0m [32m INFO[0m [2mbevy_car[0m[2m:[0m AI State: NavigateToSpot, Throttle: 0.10, Steering: 0.47, Brake: false
[2m2026-04-06T19:16:47.748616Z[0m [32m INFO[0m [2mbevy_car[0m[2m:[0m AI State: NavigateToSpot, Throttle: 0.10, Steering: 0.47, Brake: false
{
  "ai_enabled": true,
  "ai_input": {
    "brake": false,
    "steering": 0.46790656447410583,
    "throttle": 0.10000000149011612
  },
  "car_forward": {
    "x": 0.1931256353855133,
    "z": -0.9811740517616272
  },
  "car_position": {
    "x": -3.1432602405548096,
    "y": 0.7989315390586853,
    "z": -3.006856679916382
  },
  "car_rotation_y_deg": -11.135249137878418,
  "car_speed": 2.2719906511703414e-10,
  "sensors": {
    "back": 9.077280044555664,
    "back_left": 10.0,
    "back_right": 10.0,
    "front": 1.1417959928512573,
    "front_left": 8.693705558776855,
    "front_right": 10.0,
    "left": 10.0,
    "right": 10.0
  },
  "timestamp": 30.01409339904785,
  "velocity": {
    "x": 3.4529707549224767e-18,
    "z": -2.7623766039379814e-17
  }
}
[2m2026-04-06T19:16:48.657423Z[0m [32m INFO[0m [2mbevy_car[0m[2m:[0m AI State: NavigateToSpot, Throttle: 0.10, Steering: 0.47, Brake: false
[2m2026-04-06T19:16:48.676841Z[0m [32m INFO[0m [2mbevy_car[0m[2m:[0m AI State: NavigateToSpot, Throttle: 0.10, Steering: 0.47, Brake: false
[2m2026-04-06T19:16:48.702205Z[0m [32m INFO[0m [2mbevy_car[0m[2m:[0m AI State: NavigateToSpot, Throttle: 0.10, Steering: 0.47, Brake: false
[2m2026-04-06T19:16:48.721697Z[0m [32m INFO[0m [2mbevy_car[0m[2m:[0m AI State: NavigateToSpot, Throttle: 0.10, Steering: 0.47, Brake: false
[2m2026-04-06T19:16:48.746247Z[0m [32m INFO[0m [2mbevy_car[0m[2m:[0m AI State: Avoiding, Throttle: -0.50, Steering: 1.00, Brake: false
{
  "ai_enabled": true,
  "ai_input": {
    "brake": false,
    "steering": 1.0,
    "throttle": -0.5
  },
  "car_forward": {
    "x": 0.21887566149234772,
    "z": -0.9757527709007263
  },
  "car_position": {
    "x": -3.205775737762451,
    "y": 0.7989313006401062,
    "z": -2.700782060623169
  },
  "car_rotation_y_deg": -12.643003463745117,
  "car_speed": 0.6715418100357056,
  "sensors": {
    "back": 8.833003044128418,
    "back_left": 10.0,
    "back_right": 9.986684799194336,
    "front": 1.4678449630737305,
    "front_left": 8.891488075256348,
    "front_right": 10.0,
    "left": 10.0,
    "right": 10.0
  },
  "timestamp": 31.014057159423828,
  "velocity": {
    "x": -0.1457933783531189,
    "z": 0.655524730682373
  }
}
[2m2026-04-06T19:16:49.660559Z[0m [32m INFO[0m [2mbevy_car[0m[2m:[0m AI State: Avoiding, Throttle: -0.50, Steering: 1.00, Brake: false
[2m2026-04-06T19:16:49.686702Z[0m [32m INFO[0m [2mbevy_car[0m[2m:[0m AI State: Avoiding, Throttle: -0.50, Steering: 1.00, Brake: false
[2m2026-04-06T19:16:49.705592Z[0m [32m INFO[0m [2mbevy_car[0m[2m:[0m AI State: Avoiding, Throttle: -0.50, Steering: 1.00, Brake: false
[2m2026-04-06T19:16:49.724416Z[0m [32m INFO[0m [2mbevy_car[0m[2m:[0m AI State: Avoiding, Throttle: -0.50, Steering: 1.00, Brake: false
[2m2026-04-06T19:16:49.741652Z[0m [32m INFO[0m [2mbevy_car[0m[2m:[0m AI State: Avoiding, Throttle: -0.50, Steering: 1.00, Brake: false
{
  "ai_enabled": true,
  "ai_input": {
    "brake": false,
    "steering": 0.35557037591934204,
    "throttle": 0.5
  },
  "car_forward": {
    "x": 0.2571831941604614,
    "z": -0.9663627743721008
  },
  "car_position": {
    "x": -3.2130634784698486,
    "y": 0.7989318370819092,
    "z": -2.6496574878692627
  },
  "car_rotation_y_deg": -14.90298843383789,
  "car_speed": 1.1077966690063477,
  "sensors": {
    "back": 8.863991737365723,
    "back_left": 10.0,
    "back_right": 9.626755714416504,
    "front": 8.070683479309082,
    "front_left": 8.741185188293457,
    "front_right": 10.0,
    "left": 10.0,
    "right": 10.0
  },
  "timestamp": 32.013614654541016,
  "velocity": {
    "x": 0.2856813967227936,
    "z": -1.070326805114746
  }
}
[2m2026-04-06T19:16:50.655864Z[0m [32m INFO[0m [2mbevy_car[0m[2m:[0m AI State: NavigateToSpot, Throttle: 0.50, Steering: 0.36, Brake: false
[2m2026-04-06T19:16:50.673210Z[0m [32m INFO[0m [2mbevy_car[0m[2m:[0m AI State: NavigateToSpot, Throttle: 0.50, Steering: 0.36, Brake: false
[2m2026-04-06T19:16:50.694133Z[0m [32m INFO[0m [2mbevy_car[0m[2m:[0m AI State: NavigateToSpot, Throttle: 0.50, Steering: 0.36, Brake: false
[2m2026-04-06T19:16:50.710612Z[0m [32m INFO[0m [2mbevy_car[0m[2m:[0m AI State: NavigateToSpot, Throttle: 0.50, Steering: 0.36, Brake: false
[2m2026-04-06T19:16:50.732390Z[0m [32m INFO[0m [2mbevy_car[0m[2m:[0m AI State: NavigateToSpot, Throttle: 0.50, Steering: 0.37, Brake: false
{
  "ai_enabled": true,
  "ai_input": {
    "brake": true,
    "steering": 0.4287949502468109,
    "throttle": 0.0
  },
  "car_forward": {
    "x": 0.2301761656999588,
    "z": -0.9731490612030029
  },
  "car_position": {
    "x": -3.076856851577759,
    "y": 0.7989314198493958,
    "z": -3.1894474029541016
  },
  "car_rotation_y_deg": -13.307443618774414,
  "car_speed": 2.2624245532565368e-10,
  "sensors": {
    "back": 9.357081413269043,
    "back_left": 10.0,
    "back_right": 10.0,
    "front": 0.9934697151184082,
    "front_left": 0.7511321306228638,
    "front_right": 10.0,
    "left": 10.0,
    "right": 10.0
  },
  "timestamp": 33.00944900512695,
  "velocity": {
    "x": 0.0,
    "z": 0.0
  }
}
[2m2026-04-06T19:16:51.655028Z[0m [32m INFO[0m [2mbevy_car[0m[2m:[0m AI State: NavigateToSpot, Throttle: 0.00, Steering: 0.43, Brake: true
[2m2026-04-06T19:16:51.673770Z[0m [32m INFO[0m [2mbevy_car[0m[2m:[0m AI State: NavigateToSpot, Throttle: 0.00, Steering: 0.43, Brake: true
[2m2026-04-06T19:16:51.695818Z[0m [32m INFO[0m [2mbevy_car[0m[2m:[0m AI State: NavigateToSpot, Throttle: 0.00, Steering: 0.43, Brake: true
[2m2026-04-06T19:16:51.721601Z[0m [32m INFO[0m [2mbevy_car[0m[2m:[0m AI State: NavigateToSpot, Throttle: 0.00, Steering: 0.43, Brake: true
[2m2026-04-06T19:16:51.744745Z[0m [32m INFO[0m [2mbevy_car[0m[2m:[0m AI State: NavigateToSpot, Throttle: 0.00, Steering: 0.43, Brake: true
{
  "ai_enabled": true,
  "ai_input": {
    "brake": true,
    "steering": 0.4287949502468109,
    "throttle": 0.0
  },
  "car_forward": {
    "x": 0.2301761656999588,
    "z": -0.9731490612030029
  },
  "car_position": {
    "x": -3.076856851577759,
    "y": 0.7989299893379211,
    "z": -3.1894474029541016
  },
  "car_rotation_y_deg": -13.307443618774414,
  "car_speed": 1.448852843255466e-11,
  "sensors": {
    "back": 9.357081413269043,
    "back_left": 10.0,
    "back_right": 10.0,
    "front": 0.9934704303741455,
    "front_left": 0.7511332035064697,
    "front_right": 10.0,
    "left": 10.0,
    "right": 10.0
  },
  "timestamp": 34.01559066772461,
  "velocity": {
    "x": 0.0,
    "z": 0.0
  }
}
[2m2026-04-06T19:16:52.659978Z[0m [32m INFO[0m [2mbevy_car[0m[2m:[0m AI State: NavigateToSpot, Throttle: 0.00, Steering: 0.43, Brake: true
[2m2026-04-06T19:16:52.681528Z[0m [32m INFO[0m [2mbevy_car[0m[2m:[0m AI State: NavigateToSpot, Throttle: 0.00, Steering: 0.43, Brake: true
[2m2026-04-06T19:16:52.704548Z[0m [32m INFO[0m [2mbevy_car[0m[2m:[0m AI State: NavigateToSpot, Throttle: 0.00, Steering: 0.43, Brake: true
[2m2026-04-06T19:16:52.725405Z[0m [32m INFO[0m [2mbevy_car[0m[2m:[0m AI State: NavigateToSpot, Throttle: 0.00, Steering: 0.43, Brake: true
{
  "ai_enabled": true,
  "ai_input": {
    "brake": false,
    "steering": 1.0,
    "throttle": -0.5
  },
  "car_forward": {
    "x": 0.2301761656999588,
    "z": -0.9731490612030029
  },
  "car_position": {
    "x": -3.0869638919830322,
    "y": 0.7989288568496704,
    "z": -3.1467185020446777
  },
  "car_rotation_y_deg": -13.307443618774414,
  "car_speed": 0.32746416330337524,
  "sensors": {
    "back": 9.318164825439453,
    "back_left": 10.0,
    "back_right": 10.0,
    "front": 1.0323817729949951,
    "front_left": 0.7927265763282776,
    "front_right": 10.0,
    "left": 10.0,
    "right": 10.0
  },
  "timestamp": 35.00971603393555,
  "velocity": {
    "x": -0.07537443935871124,
    "z": 0.31867140531539917
  }
}
[2m2026-04-06T19:16:53.657383Z[0m [32m INFO[0m [2mbevy_car[0m[2m:[0m AI State: Avoiding, Throttle: -0.50, Steering: 1.00, Brake: false
[2m2026-04-06T19:16:53.677755Z[0m [32m INFO[0m [2mbevy_car[0m[2m:[0m AI State: Avoiding, Throttle: -0.50, Steering: 1.00, Brake: false
[2m2026-04-06T19:16:53.709630Z[0m [32m INFO[0m [2mbevy_car[0m[2m:[0m AI State: Avoiding, Throttle: -0.50, Steering: 1.00, Brake: false
[2m2026-04-06T19:16:53.731416Z[0m [32m INFO[0m [2mbevy_car[0m[2m:[0m AI State: Avoiding, Throttle: -0.50, Steering: 1.00, Brake: false
{
  "ai_enabled": true,
  "ai_input": {
    "brake": false,
    "steering": 0.3658360540866852,
    "throttle": 0.10000000149011612
  },
  "car_forward": {
    "x": 0.26284822821617126,
    "z": -0.9648372530937195
  },
  "car_position": {
    "x": -3.1477792263031006,
    "y": 0.7989313006401062,
    "z": -2.9041647911071777
  },
  "car_rotation_y_deg": -15.239133834838867,
  "car_speed": 0.03759940713644028,
  "sensors": {
    "back": 9.159165382385254,
    "back_left": 10.0,
    "back_right": 9.907261848449707,
    "front": 7.805026531219482,
    "front_left": 1.0412596464157104,
    "front_right": 10.0,
    "left": 10.0,
    "right": 10.0
  },
  "timestamp": 36.00445556640625,
  "velocity": {
    "x": 0.009882939979434013,
    "z": -0.03627730533480644
  }
}
[2m2026-04-06T19:16:54.652053Z[0m [32m INFO[0m [2mbevy_car[0m[2m:[0m AI State: NavigateToSpot, Throttle: 0.10, Steering: 0.37, Brake: false
[2m2026-04-06T19:16:54.674272Z[0m [32m INFO[0m [2mbevy_car[0m[2m:[0m AI State: NavigateToSpot, Throttle: 0.10, Steering: 0.37, Brake: false
[2m2026-04-06T19:16:54.695309Z[0m [32m INFO[0m [2mbevy_car[0m[2m:[0m AI State: NavigateToSpot, Throttle: 0.10, Steering: 0.37, Brake: false
[2m2026-04-06T19:16:54.721339Z[0m [32m INFO[0m [2mbevy_car[0m[2m:[0m AI State: NavigateToSpot, Throttle: 0.10, Steering: 0.37, Brake: false
[2m2026-04-06T19:16:54.742344Z[0m [32m INFO[0m [2mbevy_car[0m[2m:[0m AI State: NavigateToSpot, Throttle: 0.10, Steering: 0.37, Brake: false
{
  "ai_enabled": true,
  "ai_input": {
    "brake": false,
    "steering": 0.3659166395664215,
    "throttle": 0.10000000149011612
  },
  "car_forward": {
    "x": 0.26284822821617126,
    "z": -0.9648372530937195
  },
  "car_position": {
    "x": -3.1476736068725586,
    "y": 0.7989313006401062,
    "z": -2.904552698135376
  },
  "car_rotation_y_deg": -15.239133834838867,
  "car_speed": 3.2769939539711856e-10,
  "sensors": {
    "back": 9.160503387451172,
    "back_left": 10.0,
    "back_right": 9.9087495803833,
    "front": 7.803688049316406,
    "front_left": 1.0398677587509155,
    "front_right": 10.0,
    "left": 10.0,
    "right": 10.0
  },
  "timestamp": 37.01551055908203,
  "velocity": {
    "x": 2.0314201709670243e-10,
    "z": -1.2220705003507248e-10
  }
}
[2m2026-04-06T19:16:55.659416Z[0m [32m INFO[0m [2mbevy_car[0m[2m:[0m AI State: NavigateToSpot, Throttle: 0.10, Steering: 0.37, Brake: false
[2m2026-04-06T19:16:55.679324Z[0m [32m INFO[0m [2mbevy_car[0m[2m:[0m AI State: NavigateToSpot, Throttle: 0.10, Steering: 0.37, Brake: false
[2m2026-04-06T19:16:55.697859Z[0m [32m INFO[0m [2mbevy_car[0m[2m:[0m AI State: NavigateToSpot, Throttle: 0.10, Steering: 0.37, Brake: false
[2m2026-04-06T19:16:55.721053Z[0m [32m INFO[0m [2mbevy_car[0m[2m:[0m AI State: NavigateToSpot, Throttle: 0.10, Steering: 0.37, Brake: false
[2m2026-04-06T19:16:55.746134Z[0m [32m INFO[0m [2mbevy_car[0m[2m:[0m AI State: NavigateToSpot, Throttle: 0.10, Steering: 0.37, Brake: false
{
  "ai_enabled": true,
  "ai_input": {
    "brake": false,
    "steering": 0.3659166395664215,
    "throttle": 0.10000000149011612
  },
  "car_forward": {
    "x": 0.26284822821617126,
    "z": -0.9648372530937195
  },
  "car_position": {
    "x": -3.1476736068725586,
    "y": 0.7989319562911987,
    "z": -2.904552698135376
  },
  "car_rotation_y_deg": -15.239133834838867,
  "car_speed": 2.2262258703165116e-10,
  "sensors": {
    "back": 9.160503387451172,
    "back_left": 10.0,
    "back_right": 9.9087495803833,
    "front": 7.803688049316406,
    "front_left": 1.0398662090301514,
    "front_right": 10.0,
    "left": 10.0,
    "right": 10.0
  },
  "timestamp": 38.013492584228516,
  "velocity": {
    "x": 1.3808743869265268e-17,
    "z": 0.0
  }
}
[2m2026-04-06T19:16:56.657414Z[0m [32m INFO[0m [2mbevy_car[0m[2m:[0m AI State: NavigateToSpot, Throttle: 0.10, Steering: 0.37, Brake: false
[2m2026-04-06T19:16:56.679401Z[0m [32m INFO[0m [2mbevy_car[0m[2m:[0m AI State: NavigateToSpot, Throttle: 0.10, Steering: 0.37, Brake: false
[2m2026-04-06T19:16:56.702796Z[0m [32m INFO[0m [2mbevy_car[0m[2m:[0m AI State: NavigateToSpot, Throttle: 0.10, Steering: 0.37, Brake: false
[2m2026-04-06T19:16:56.725404Z[0m [32m INFO[0m [2mbevy_car[0m[2m:[0m AI State: Avoiding, Throttle: -0.50, Steering: 1.00, Brake: false
{
  "ai_enabled": true,
  "ai_input": {
    "brake": false,
    "steering": 0.3651457726955414,
    "throttle": 0.10000000149011612
  },
  "car_forward": {
    "x": 0.26284822821617126,
    "z": -0.9648372530937195
  },
  "car_position": {
    "x": -3.1510424613952637,
    "y": 0.7989298105239868,
    "z": -2.8921854496002197
  },
  "car_rotation_y_deg": -15.239133834838867,
  "car_speed": 2.1726265231336583e-10,
  "sensors": {
    "back": 9.147685050964355,
    "back_left": 10.0,
    "back_right": 9.894503593444824,
    "front": 7.8165059089660645,
    "front_left": 1.0531893968582153,
    "front_right": 10.0,
    "left": 10.0,
    "right": 10.0
  },
  "timestamp": 39.01591491699219,
  "velocity": {
    "x": 3.4532968708789757e-18,
    "z": 0.0
  }
}
[2m2026-04-06T19:16:57.660665Z[0m [32m INFO[0m [2mbevy_car[0m[2m:[0m AI State: NavigateToSpot, Throttle: 0.10, Steering: 0.37, Brake: false
[2m2026-04-06T19:16:57.682357Z[0m [32m INFO[0m [2mbevy_car[0m[2m:[0m AI State: NavigateToSpot, Throttle: 0.10, Steering: 0.37, Brake: false
[2m2026-04-06T19:16:57.708001Z[0m [32m INFO[0m [2mbevy_car[0m[2m:[0m AI State: NavigateToSpot, Throttle: 0.10, Steering: 0.37, Brake: false
[2m2026-04-06T19:16:57.735754Z[0m [32m INFO[0m [2mbevy_car[0m[2m:[0m AI State: NavigateToSpot, Throttle: 0.10, Steering: 0.37, Brake: false
{
  "ai_enabled": true,
  "ai_input": {
    "brake": false,
    "steering": 0.3651524782180786,
    "throttle": 0.10000000149011612
  },
  "car_forward": {
    "x": 0.26284822821617126,
    "z": -0.9648372530937195
  },
  "car_position": {
    "x": -3.151012659072876,
    "y": 0.798931360244751,
    "z": -2.892294406890869
  },
  "car_rotation_y_deg": -15.239133834838867,
  "car_speed": 4.524849191080843e-13,
  "sensors": {
    "back": 9.147797584533691,
    "back_left": 10.0,
    "back_right": 9.894628524780273,
    "front": 7.8163933753967285,
    "front_left": 1.053070068359375,
    "front_right": 10.0,
    "left": 10.0,
    "right": 10.0
  },
  "timestamp": 40.009857177734375,
  "velocity": {
    "x": 0.0,
    "z": 0.0
  }
}
[2m2026-04-06T19:16:58.658216Z[0m [32m INFO[0m [2mbevy_car[0m[2m:[0m AI State: NavigateToSpot, Throttle: 0.10, Steering: 0.37, Brake: false
[2m2026-04-06T19:16:58.675828Z[0m [32m INFO[0m [2mbevy_car[0m[2m:[0m AI State: NavigateToSpot, Throttle: 0.10, Steering: 0.37, Brake: false
[2m2026-04-06T19:16:58.698183Z[0m [32m INFO[0m [2mbevy_car[0m[2m:[0m AI State: NavigateToSpot, Throttle: 0.10, Steering: 0.37, Brake: false
[2m2026-04-06T19:16:58.719659Z[0m [32m INFO[0m [2mbevy_car[0m[2m:[0m AI State: NavigateToSpot, Throttle: 0.10, Steering: 0.37, Brake: false
[2m2026-04-06T19:16:58.747008Z[0m [32m INFO[0m [2mbevy_car[0m[2m:[0m AI State: NavigateToSpot, Throttle: 0.10, Steering: 0.37, Brake: false
{
  "ai_enabled": true,
  "ai_input": {
    "brake": false,
    "steering": 0.36304953694343567,
    "throttle": 0.5
  },
  "car_forward": {
    "x": 0.26284822821617126,
    "z": -0.9648372530937195
  },
  "car_position": {
    "x": -3.159982919692993,
    "y": 0.7989309430122375,
    "z": -2.8593692779541016
  },
  "car_rotation_y_deg": -15.239133834838867,
  "car_speed": 0.04830101877450943,
  "sensors": {
    "back": 9.112556457519531,
    "back_left": 10.0,
    "back_right": 9.855461120605469,
    "front": 7.8516340255737305,
    "front_left": 8.454032897949219,
    "front_right": 10.0,
    "left": 10.0,
    "right": 10.0
  },
  "timestamp": 41.01203536987305,
  "velocity": {
    "x": 0.012695840559899807,
    "z": -0.04660261794924736
  }
}
[2m2026-04-06T19:16:59.656051Z[0m [32m INFO[0m [2mbevy_car[0m[2m:[0m AI State: NavigateToSpot, Throttle: 0.50, Steering: 0.36, Brake: false
[2m2026-04-06T19:16:59.676205Z[0m [32m INFO[0m [2mbevy_car[0m[2m:[0m AI State: NavigateToSpot, Throttle: 0.50, Steering: 0.36, Brake: false
[2m2026-04-06T19:16:59.701978Z[0m [32m INFO[0m [2mbevy_car[0m[2m:[0m AI State: NavigateToSpot, Throttle: 0.50, Steering: 0.36, Brake: false
[2m2026-04-06T19:16:59.728466Z[0m [32m INFO[0m [2mbevy_car[0m[2m:[0m AI State: NavigateToSpot, Throttle: 0.50, Steering: 0.36, Brake: false
{
  "ai_enabled": true,
  "ai_input": {
    "brake": false,
    "steering": 0.36754506826400757,
    "throttle": 0.10000000149011612
  },
  "car_forward": {
    "x": 0.26284822821617126,
    "z": -0.9648372530937195
  },
  "car_position": {
    "x": -3.140599250793457,
    "y": 0.798931896686554,
    "z": -2.9305171966552734
  },
  "car_rotation_y_deg": -15.239133834838867,
  "car_speed": 2.2805239641154884e-10,
  "sensors": {
    "back": 9.187413215637207,
    "back_left": 10.0,
    "back_right": 9.938657760620117,
    "front": 7.776777267456055,
    "front_left": 1.0118954181671143,
    "front_right": 10.0,
    "left": 10.0,
    "right": 10.0
  },
  "timestamp": 42.002235412597656,
  "velocity": {
    "x": 1.3808743869265268e-17,
    "z": -5.523497547706107e-17
  }
}
[2m2026-04-06T19:17:00.649303Z[0m [32m INFO[0m [2mbevy_car[0m[2m:[0m AI State: NavigateToSpot, Throttle: 0.10, Steering: 0.37, Brake: false
[2m2026-04-06T19:17:00.673151Z[0m [32m INFO[0m [2mbevy_car[0m[2m:[0m AI State: NavigateToSpot, Throttle: 0.10, Steering: 0.37, Brake: false
[2m2026-04-06T19:17:00.708474Z[0m [32m INFO[0m [2mbevy_car[0m[2m:[0m AI State: NavigateToSpot, Throttle: 0.10, Steering: 0.37, Brake: false
[2m2026-04-06T19:17:00.731515Z[0m [32m INFO[0m [2mbevy_car[0m[2m:[0m AI State: NavigateToSpot, Throttle: 0.10, Steering: 0.37, Brake: false
{
  "ai_enabled": true,
  "ai_input": {
    "brake": false,
    "steering": 0.36754921078681946,
    "throttle": 0.10000000149011612
  },
  "car_forward": {
    "x": 0.26284822821617126,
    "z": -0.9648372530937195
  },
  "car_position": {
    "x": -3.140580892562866,
    "y": 0.7989313006401062,
    "z": -2.930584192276001
  },
  "car_rotation_y_deg": -15.239133834838867,
  "car_speed": 2.2624245532565368e-10,
  "sensors": {
    "back": 9.187483787536621,
    "back_left": 10.0,
    "back_right": 9.938735961914062,
    "front": 7.776707649230957,
    "front_left": 1.0118179321289062,
    "front_right": 10.0,
    "left": 10.0,
    "right": 10.0
  },
  "timestamp": 43.015445709228516,
  "velocity": {
    "x": 0.0,
    "z": -2.7617487738530536e-17
  }
}
[2m2026-04-06T19:17:01.661974Z[0m [32m INFO[0m [2mbevy_car[0m[2m:[0m AI State: NavigateToSpot, Throttle: 0.10, Steering: 0.37, Brake: false
[2m2026-04-06T19:17:01.684043Z[0m [32m INFO[0m [2mbevy_car[0m[2m:[0m AI State: NavigateToSpot, Throttle: 0.10, Steering: 0.37, Brake: false
[2m2026-04-06T19:17:01.712957Z[0m [32m INFO[0m [2mbevy_car[0m[2m:[0m AI State: NavigateToSpot, Throttle: 0.10, Steering: 0.37, Brake: false
[2m2026-04-06T19:17:01.741110Z[0m [32m INFO[0m [2mbevy_car[0m[2m:[0m AI State: NavigateToSpot, Throttle: 0.10, Steering: 0.37, Brake: false
{
  "ai_enabled": true,
  "ai_input": {
    "brake": false,
    "steering": 0.3652212917804718,
    "throttle": 0.10000000149011612
  },
  "car_forward": {
    "x": 0.26284822821617126,
    "z": -0.9648372530937195
  },
  "car_position": {
    "x": -3.1507112979888916,
    "y": 0.7989313006401062,
    "z": -2.8934004306793213
  },
  "car_rotation_y_deg": -15.239133834838867,
  "car_speed": 2.2624245532565368e-10,
  "sensors": {
    "back": 9.148944854736328,
    "back_left": 10.0,
    "back_right": 9.895902633666992,
    "front": 7.81524658203125,
    "front_left": 1.0518689155578613,
    "front_right": 10.0,
    "left": 10.0,
    "right": 10.0
  },
  "timestamp": 44.019229888916016,
  "velocity": {
    "x": -2.7617487738530536e-17,
    "z": 0.0
  }
}
[2m2026-04-06T19:17:02.665970Z[0m [32m INFO[0m [2mbevy_car[0m[2m:[0m AI State: NavigateToSpot, Throttle: 0.10, Steering: 0.37, Brake: false
[2m2026-04-06T19:17:02.684226Z[0m [32m INFO[0m [2mbevy_car[0m[2m:[0m AI State: NavigateToSpot, Throttle: 0.10, Steering: 0.37, Brake: false
[2m2026-04-06T19:17:02.707554Z[0m [32m INFO[0m [2mbevy_car[0m[2m:[0m AI State: NavigateToSpot, Throttle: 0.10, Steering: 0.37, Brake: false
[2m2026-04-06T19:17:02.727650Z[0m [32m INFO[0m [2mbevy_car[0m[2m:[0m AI State: NavigateToSpot, Throttle: 0.10, Steering: 0.37, Brake: false
{
  "ai_enabled": true,
  "ai_input": {
    "brake": false,
    "steering": 0.3652212917804718,
    "throttle": 0.10000000149011612
  },
  "car_forward": {
    "x": 0.26284822821617126,
    "z": -0.9648372530937195
  },
  "car_position": {
    "x": -3.1507112979888916,
    "y": 0.7989310622215271,
    "z": -2.8934004306793213
  },
  "car_rotation_y_deg": -15.239133834838867,
  "car_speed": 2.2624246226454758e-11,
  "sensors": {
    "back": 9.148944854736328,
    "back_left": 10.0,
    "back_right": 9.895902633666992,
    "front": 7.81524658203125,
    "front_left": 1.0518686771392822,
    "front_right": 10.0,
    "left": 10.0,
    "right": 10.0
  },
  "timestamp": 45.00254440307617,
  "velocity": {
    "x": 0.0,
    "z": 0.0
  }
}
[2m2026-04-06T19:17:03.647743Z[0m [32m INFO[0m [2mbevy_car[0m[2m:[0m AI State: NavigateToSpot, Throttle: 0.10, Steering: 0.37, Brake: false
[2m2026-04-06T19:17:03.672105Z[0m [32m INFO[0m [2mbevy_car[0m[2m:[0m AI State: NavigateToSpot, Throttle: 0.10, Steering: 0.37, Brake: false
[2m2026-04-06T19:17:03.696821Z[0m [32m INFO[0m [2mbevy_car[0m[2m:[0m AI State: NavigateToSpot, Throttle: 0.10, Steering: 0.37, Brake: false
[2m2026-04-06T19:17:03.720264Z[0m [32m INFO[0m [2mbevy_car[0m[2m:[0m AI State: NavigateToSpot, Throttle: 0.10, Steering: 0.37, Brake: false
[2m2026-04-06T19:17:03.742434Z[0m [32m INFO[0m [2mbevy_car[0m[2m:[0m AI State: NavigateToSpot, Throttle: 0.10, Steering: 0.37, Brake: false
{
  "ai_enabled": true,
  "ai_input": {
    "brake": false,
    "steering": 0.3652212917804718,
    "throttle": 0.10000000149011612
  },
  "car_forward": {
    "x": 0.26284822821617126,
    "z": -0.9648372530937195
  },
  "car_position": {
    "x": -3.1507112979888916,
    "y": 0.798931360244751,
    "z": -2.8934004306793213
  },
  "car_rotation_y_deg": -15.239133834838867,
  "car_speed": 2.479617344786078e-10,
  "sensors": {
    "back": 9.148944854736328,
    "back_left": 10.0,
    "back_right": 9.895902633666992,
    "front": 7.81524658203125,
    "front_left": 1.0518697500228882,
    "front_right": 10.0,
    "left": 10.0,
    "right": 10.0
  },
  "timestamp": 46.007049560546875,
  "velocity": {
    "x": -5.523497547706107e-17,
    "z": 0.0
  }
}
[2m2026-04-06T19:17:04.652678Z[0m [32m INFO[0m [2mbevy_car[0m[2m:[0m AI State: NavigateToSpot, Throttle: 0.10, Steering: 0.37, Brake: false
[2m2026-04-06T19:17:04.691887Z[0m [32m INFO[0m [2mbevy_car[0m[2m:[0m AI State: NavigateToSpot, Throttle: 0.10, Steering: 0.37, Brake: false
[2m2026-04-06T19:17:04.724861Z[0m [32m INFO[0m [2mbevy_car[0m[2m:[0m AI State: NavigateToSpot, Throttle: 0.10, Steering: 0.37, Brake: false
{
  "ai_enabled": true,
  "ai_input": {
    "brake": false,
    "steering": 0.3658902943134308,
    "throttle": 0.10000000149011612
  },
  "car_forward": {
    "x": 0.26284822821617126,
    "z": -0.9648372530937195
  },
  "car_position": {
    "x": -3.147787094116211,
    "y": 0.7989274859428406,
    "z": -2.9041333198547363
  },
  "car_rotation_y_deg": -15.239133834838867,
  "car_speed": 1.4495585287654933e-10,
  "sensors": {
    "back": 9.16006851196289,
    "back_left": 10.0,
    "back_right": 9.908266067504883,
    "front": 7.8041229248046875,
    "front_left": 1.0403045415878296,
    "front_right": 10.0,
    "left": 10.0,
    "right": 10.0
  },
  "timestamp": 47.0064582824707,
  "velocity": {
    "x": -2.7648134780225626e-17,
    "z": 8.294440434067688e-17
  }
}
[2m2026-04-06T19:17:05.650648Z[0m [32m INFO[0m [2mbevy_car[0m[2m:[0m AI State: NavigateToSpot, Throttle: 0.10, Steering: 0.37, Brake: false
[2m2026-04-06T19:17:05.667909Z[0m [32m INFO[0m [2mbevy_car[0m[2m:[0m AI State: NavigateToSpot, Throttle: 0.10, Steering: 0.37, Brake: false
[2m2026-04-06T19:17:05.698687Z[0m [32m INFO[0m [2mbevy_car[0m[2m:[0m AI State: NavigateToSpot, Throttle: 0.10, Steering: 0.37, Brake: false
[2m2026-04-06T19:17:05.717481Z[0m [32m INFO[0m [2mbevy_car[0m[2m:[0m AI State: NavigateToSpot, Throttle: 0.10, Steering: 0.37, Brake: false
[2m2026-04-06T19:17:05.739572Z[0m [32m INFO[0m [2mbevy_car[0m[2m:[0m AI State: NavigateToSpot, Throttle: 0.10, Steering: 0.37, Brake: false
{
  "ai_enabled": true,
  "ai_input": {
    "brake": false,
    "steering": 0.3658902943134308,
    "throttle": 0.10000000149011612
  },
  "car_forward": {
    "x": 0.26284822821617126,
    "z": -0.9648372530937195
  },
  "car_position": {
    "x": -3.147787094116211,
    "y": 0.7989299297332764,
    "z": -2.9041333198547363
  },
  "car_rotation_y_deg": -15.239133834838867,
  "car_speed": 2.940969134890281e-10,
  "sensors": {
    "back": 9.16006851196289,
    "back_left": 10.0,
    "back_right": 9.908266067504883,
    "front": 7.8041229248046875,
    "front_left": 1.0403028726577759,
    "front_right": 10.0,
    "left": 10.0,
    "right": 10.0
  },
  "timestamp": 48.01553726196289,
  "velocity": {
    "x": 7.09954595112805e-11,
    "z": -1.4421674965348075e-10
  }
}
[2m2026-04-06T19:17:06.660043Z[0m [32m INFO[0m [2mbevy_car[0m[2m:[0m AI State: NavigateToSpot, Throttle: 0.10, Steering: 0.37, Brake: false
[2m2026-04-06T19:17:06.675837Z[0m [32m INFO[0m [2mbevy_car[0m[2m:[0m AI State: NavigateToSpot, Throttle: 0.10, Steering: 0.37, Brake: false
[2m2026-04-06T19:17:06.709361Z[0m [32m INFO[0m [2mbevy_car[0m[2m:[0m AI State: NavigateToSpot, Throttle: 0.10, Steering: 0.37, Brake: false
[2m2026-04-06T19:17:06.733602Z[0m [32m INFO[0m [2mbevy_car[0m[2m:[0m AI State: NavigateToSpot, Throttle: 0.10, Steering: 0.37, Brake: false
{
  "ai_enabled": true,
  "ai_input": {
    "brake": false,
    "steering": 0.3658902943134308,
    "throttle": 0.10000000149011612
  },
  "car_forward": {
    "x": 0.26284822821617126,
    "z": -0.9648372530937195
  },
  "car_position": {
    "x": -3.147787094116211,
    "y": 0.7989317774772644,
    "z": -2.9041333198547363
  },
  "car_rotation_y_deg": -15.239133834838867,
  "car_speed": 2.3959037531717797e-10,
  "sensors": {
    "back": 9.16006851196289,
    "back_left": 10.0,
    "back_right": 9.908266067504883,
    "front": 7.8041229248046875,
    "front_left": 1.0402989387512207,
    "front_right": 10.0,
    "left": 10.0,
    "right": 10.0
  },
  "timestamp": 49.0048713684082,
  "velocity": {
    "x": -2.5260538452642756e-11,
    "z": -2.382533059730463e-10
  }
}
[2m2026-04-06T19:17:07.649990Z[0m [32m INFO[0m [2mbevy_car[0m[2m:[0m AI State: NavigateToSpot, Throttle: 0.10, Steering: 0.37, Brake: false
[2m2026-04-06T19:17:07.665364Z[0m [32m INFO[0m [2mbevy_car[0m[2m:[0m AI State: NavigateToSpot, Throttle: 0.10, Steering: 0.37, Brake: false
[2m2026-04-06T19:17:07.690814Z[0m [32m INFO[0m [2mbevy_car[0m[2m:[0m AI State: NavigateToSpot, Throttle: 0.10, Steering: 0.37, Brake: false
[2m2026-04-06T19:17:07.713952Z[0m [32m INFO[0m [2mbevy_car[0m[2m:[0m AI State: Avoiding, Throttle: -0.50, Steering: 1.00, Brake: false
[2m2026-04-06T19:17:07.735628Z[0m [32m INFO[0m [2mbevy_car[0m[2m:[0m AI State: Avoiding, Throttle: -0.50, Steering: 1.00, Brake: false
{
  "ai_enabled": true,
  "ai_input": {
    "brake": false,
    "steering": 0.36515897512435913,
    "throttle": 0.10000000149011612
  },
  "car_forward": {
    "x": 0.26284822821617126,
    "z": -0.9648372530937195
  },
  "car_position": {
    "x": -3.150984764099121,
    "y": 0.7989311814308167,
    "z": -2.892397165298462
  },
  "car_rotation_y_deg": -15.239133834838867,
  "car_speed": 2.2443251423975852e-10,
  "sensors": {
    "back": 9.147904396057129,
    "back_left": 10.0,
    "back_right": 9.894746780395508,
    "front": 7.816286563873291,
    "front_left": 1.0529367923736572,
    "front_right": 10.0,
    "left": 10.0,
    "right": 10.0
  },
  "timestamp": 50.00996398925781,
  "velocity": {
    "x": 0.0,
    "z": 0.0
  }
}
[2m2026-04-06T19:17:08.653885Z[0m [32m INFO[0m [2mbevy_car[0m[2m:[0m AI State: NavigateToSpot, Throttle: 0.10, Steering: 0.37, Brake: false
[2m2026-04-06T19:17:08.682873Z[0m [32m INFO[0m [2mbevy_car[0m[2m:[0m AI State: NavigateToSpot, Throttle: 0.10, Steering: 0.37, Brake: false
[2m2026-04-06T19:17:08.703444Z[0m [32m INFO[0m [2mbevy_car[0m[2m:[0m AI State: NavigateToSpot, Throttle: 0.10, Steering: 0.37, Brake: false
[2m2026-04-06T19:17:08.731047Z[0m [32m INFO[0m [2mbevy_car[0m[2m:[0m AI State: NavigateToSpot, Throttle: 0.10, Steering: 0.37, Brake: false
{
  "ai_enabled": true,
  "ai_input": {
    "brake": false,
    "steering": 0.36517035961151123,
    "throttle": 0.10000000149011612
  },
  "car_forward": {
    "x": 0.26284822821617126,
    "z": -0.9648372530937195
  },
  "car_position": {
    "x": -3.1509346961975098,
    "y": 0.7989277839660645,
    "z": -2.892580509185791
  },
  "car_rotation_y_deg": -15.239133834838867,
  "car_speed": 2.1921105208821956e-10,
  "sensors": {
    "back": 9.148094177246094,
    "back_left": 10.0,
    "back_right": 9.89495849609375,
    "front": 7.816096782684326,
    "front_left": 1.0527364015579224,
    "front_right": 10.0,
    "left": 10.0,
    "right": 10.0
  },
  "timestamp": 51.011295318603516,
  "velocity": {
    "x": 1.850846698125963e-10,
    "z": 1.8836621498707906e-11
  }
}
[2m2026-04-06T19:17:09.654856Z[0m [32m INFO[0m [2mbevy_car[0m[2m:[0m AI State: NavigateToSpot, Throttle: 0.10, Steering: 0.37, Brake: false
[2m2026-04-06T19:17:09.671040Z[0m [32m INFO[0m [2mbevy_car[0m[2m:[0m AI State: NavigateToSpot, Throttle: 0.10, Steering: 0.37, Brake: false
[2m2026-04-06T19:17:09.690021Z[0m [32m INFO[0m [2mbevy_car[0m[2m:[0m AI State: NavigateToSpot, Throttle: 0.10, Steering: 0.37, Brake: false
[2m2026-04-06T19:17:09.713740Z[0m [32m INFO[0m [2mbevy_car[0m[2m:[0m AI State: NavigateToSpot, Throttle: 0.10, Steering: 0.37, Brake: false
[2m2026-04-06T19:17:09.730514Z[0m [32m INFO[0m [2mbevy_car[0m[2m:[0m AI State: NavigateToSpot, Throttle: 0.10, Steering: 0.37, Brake: false
{
  "ai_enabled": true,
  "ai_input": {
    "brake": false,
    "steering": 0.36324945092201233,
    "throttle": 0.5
  },
  "car_forward": {
    "x": 0.26284822821617126,
    "z": -0.9648372530937195
  },
  "car_position": {
    "x": -3.158936023712158,
    "y": 0.7989314794540405,
    "z": -2.863215208053589
  },
  "car_rotation_y_deg": -15.239133834838867,
  "car_speed": 0.0854792445898056,
  "sensors": {
    "back": 9.115920066833496,
    "back_left": 10.0,
    "back_right": 9.859198570251465,
    "front": 7.848270416259766,
    "front_left": 8.450295448303223,
    "front_right": 10.0,
    "left": 10.0,
    "right": 10.0
  },
  "timestamp": 52.00566482543945,
  "velocity": {
    "x": 0.022468071430921555,
    "z": -0.08247355371713638
  }
}
[2m2026-04-06T19:17:10.649737Z[0m [32m INFO[0m [2mbevy_car[0m[2m:[0m AI State: NavigateToSpot, Throttle: 0.50, Steering: 0.36, Brake: false
[2m2026-04-06T19:17:10.665309Z[0m [32m INFO[0m [2mbevy_car[0m[2m:[0m AI State: NavigateToSpot, Throttle: 0.50, Steering: 0.36, Brake: false
[2m2026-04-06T19:17:10.685365Z[0m [32m INFO[0m [2mbevy_car[0m[2m:[0m AI State: NavigateToSpot, Throttle: 0.50, Steering: 0.36, Brake: false
[2m2026-04-06T19:17:10.705131Z[0m [32m INFO[0m [2mbevy_car[0m[2m:[0m AI State: NavigateToSpot, Throttle: 0.50, Steering: 0.36, Brake: false
[2m2026-04-06T19:17:10.733709Z[0m [32m INFO[0m [2mbevy_car[0m[2m:[0m AI State: NavigateToSpot, Throttle: 0.50, Steering: 0.36, Brake: false
{
  "ai_enabled": true,
  "ai_input": {
    "brake": false,
    "steering": 0.36635085940361023,
    "throttle": 0.10000000149011612
  },
  "car_forward": {
    "x": 0.26284822821617126,
    "z": -0.9648372530937195
  },
  "car_position": {
    "x": -3.145784616470337,
    "y": 0.798931360244751,
    "z": -2.911492347717285
  },
  "car_rotation_y_deg": -15.239133834838867,
  "car_speed": 2.2262258703165116e-10,
  "sensors": {
    "back": 9.167695045471191,
    "back_left": 10.0,
    "back_right": 9.916744232177734,
    "front": 7.79649543762207,
    "front_left": 1.0323594808578491,
    "front_right": 10.0,
    "left": 10.0,
    "right": 10.0
  },
  "timestamp": 53.00009536743164,
  "velocity": {
    "x": 0.0,
    "z": 0.0
  }
}
[2m2026-04-06T19:17:11.644118Z[0m [32m INFO[0m [2mbevy_car[0m[2m:[0m AI State: NavigateToSpot, Throttle: 0.10, Steering: 0.37, Brake: false
[2m2026-04-06T19:17:11.665098Z[0m [32m INFO[0m [2mbevy_car[0m[2m:[0m AI State: NavigateToSpot, Throttle: 0.10, Steering: 0.37, Brake: false
[2m2026-04-06T19:17:11.682377Z[0m [32m INFO[0m [2mbevy_car[0m[2m:[0m AI State: NavigateToSpot, Throttle: 0.10, Steering: 0.37, Brake: false
[2m2026-04-06T19:17:11.708419Z[0m [32m INFO[0m [2mbevy_car[0m[2m:[0m AI State: NavigateToSpot, Throttle: 0.10, Steering: 0.37, Brake: false
[2m2026-04-06T19:17:11.727453Z[0m [32m INFO[0m [2mbevy_car[0m[2m:[0m AI State: NavigateToSpot, Throttle: 0.10, Steering: 0.37, Brake: false
{
  "ai_enabled": true,
  "ai_input": {
    "brake": false,
    "steering": 0.36635100841522217,
    "throttle": 0.10000000149011612
  },
  "car_forward": {
    "x": 0.26284822821617126,
    "z": -0.9648372530937195
  },
  "car_position": {
    "x": -3.1457836627960205,
    "y": 0.7989313006401062,
    "z": -2.9114954471588135
  },
  "car_rotation_y_deg": -15.239133834838867,
  "car_speed": 2.2559014378753517e-10,
  "sensors": {
    "back": 9.167698860168457,
    "back_left": 10.0,
    "back_right": 9.916747093200684,
    "front": 7.796492099761963,
    "front_left": 1.032347559928894,
    "front_right": 10.0,
    "left": 10.0,
    "right": 10.0
  },
  "timestamp": 54.01457977294922,
  "velocity": {
    "x": -2.762072201472562e-17,
    "z": 5.524144402945124e-17
  }
}
[2m2026-04-06T19:17:12.657218Z[0m [32m INFO[0m [2mbevy_car[0m[2m:[0m AI State: NavigateToSpot, Throttle: 0.10, Steering: 0.37, Brake: false
[2m2026-04-06T19:17:12.674369Z[0m [32m INFO[0m [2mbevy_car[0m[2m:[0m AI State: NavigateToSpot, Throttle: 0.10, Steering: 0.37, Brake: false
[2m2026-04-06T19:17:12.694839Z[0m [32m INFO[0m [2mbevy_car[0m[2m:[0m AI State: NavigateToSpot, Throttle: 0.10, Steering: 0.37, Brake: false
[2m2026-04-06T19:17:12.717773Z[0m [32m INFO[0m [2mbevy_car[0m[2m:[0m AI State: NavigateToSpot, Throttle: 0.10, Steering: 0.37, Brake: false
[2m2026-04-06T19:17:12.740211Z[0m [32m INFO[0m [2mbevy_car[0m[2m:[0m AI State: NavigateToSpot, Throttle: 0.10, Steering: 0.37, Brake: false
{
  "ai_enabled": true,
  "ai_input": {
    "brake": false,
    "steering": 0.3652157485485077,
    "throttle": 0.10000000149011612
  },
  "car_forward": {
    "x": 0.26284822821617126,
    "z": -0.9648372530937195
  },
  "car_position": {
    "x": -3.1497504711151123,
    "y": 0.7989304661750793,
    "z": -2.8969380855560303
  },
  "car_rotation_y_deg": -15.239133834838867,
  "car_speed": 0.20666919648647308,
  "sensors": {
    "back": 9.148842811584473,
    "back_left": 10.0,
    "back_right": 9.895790100097656,
    "front": 7.8153486251831055,
    "front_left": 1.0519440174102783,
    "front_right": 10.0,
    "left": 10.0,
    "right": 10.0
  },
  "timestamp": 55.00669860839844,
  "velocity": {
    "x": 0.05432262271642685,
    "z": -0.1994021236896515
  }
}
[2m2026-04-06T19:17:13.649930Z[0m [32m INFO[0m [2mbevy_car[0m[2m:[0m AI State: NavigateToSpot, Throttle: 0.10, Steering: 0.37, Brake: false
[2m2026-04-06T19:17:13.671031Z[0m [32m INFO[0m [2mbevy_car[0m[2m:[0m AI State: NavigateToSpot, Throttle: 0.10, Steering: 0.37, Brake: false
[2m2026-04-06T19:17:13.693055Z[0m [32m INFO[0m [2mbevy_car[0m[2m:[0m AI State: NavigateToSpot, Throttle: 0.10, Steering: 0.37, Brake: false
[2m2026-04-06T19:17:13.717086Z[0m [32m INFO[0m [2mbevy_car[0m[2m:[0m AI State: NavigateToSpot, Throttle: 0.10, Steering: 0.37, Brake: false
[2m2026-04-06T19:17:13.745603Z[0m [32m INFO[0m [2mbevy_car[0m[2m:[0m AI State: NavigateToSpot, Throttle: 0.10, Steering: 0.37, Brake: false
{
  "ai_enabled": true,
  "ai_input": {
    "brake": false,
    "steering": 0.36623290181159973,
    "throttle": 0.10000000149011612
  },
  "car_forward": {
    "x": 0.26284822821617126,
    "z": -0.9648372530937195
  },
  "car_position": {
    "x": -3.146299362182617,
    "y": 0.7989321351051331,
    "z": -2.9096062183380127
  },
  "car_rotation_y_deg": -15.239133834838867,
  "car_speed": 2.479617344786078e-10,
  "sensors": {
    "back": 9.165740013122559,
    "back_left": 10.0,
    "back_right": 9.914570808410645,
    "front": 7.798450469970703,
    "front_left": 1.0343759059906006,
    "front_right": 10.0,
    "left": 10.0,
    "right": 10.0
  },
  "timestamp": 56.007286071777344,
  "velocity": {
    "x": 5.523497547706107e-17,
    "z": -1.1046995095412214e-16
  }
}
[2m2026-04-06T19:17:14.652477Z[0m [32m INFO[0m [2mbevy_car[0m[2m:[0m AI State: NavigateToSpot, Throttle: 0.10, Steering: 0.37, Brake: false
[2m2026-04-06T19:17:14.669171Z[0m [32m INFO[0m [2mbevy_car[0m[2m:[0m AI State: NavigateToSpot, Throttle: 0.10, Steering: 0.37, Brake: false
[2m2026-04-06T19:17:14.694251Z[0m [32m INFO[0m [2mbevy_car[0m[2m:[0m AI State: NavigateToSpot, Throttle: 0.10, Steering: 0.37, Brake: false
[2m2026-04-06T19:17:14.714738Z[0m [32m INFO[0m [2mbevy_car[0m[2m:[0m AI State: NavigateToSpot, Throttle: 0.10, Steering: 0.37, Brake: false
[2m2026-04-06T19:17:14.730467Z[0m [32m INFO[0m [2mbevy_car[0m[2m:[0m AI State: NavigateToSpot, Throttle: 0.10, Steering: 0.37, Brake: false
{
  "ai_enabled": true,
  "ai_input": {
    "brake": false,
    "steering": 0.36623290181159973,
    "throttle": 0.10000000149011612
  },
  "car_forward": {
    "x": 0.26284822821617126,
    "z": -0.9648372530937195
  },
  "car_position": {
    "x": -3.146299362182617,
    "y": 0.7989321947097778,
    "z": -2.9096062183380127
  },
  "car_rotation_y_deg": -15.239133834838867,
  "car_speed": 2.253374847827061e-10,
  "sensors": {
    "back": 9.165740013122559,
    "back_left": 10.0,
    "back_right": 9.914570808410645,
    "front": 7.798450469970703,
    "front_left": 1.0343719720840454,
    "front_right": 10.0,
    "left": 10.0,
    "right": 10.0
  },
  "timestamp": 57.01728057861328,
  "velocity": {
    "x": 0.0,
    "z": 3.452185967316317e-18
  }
}
[2m2026-04-06T19:17:15.660188Z[0m [32m INFO[0m [2mbevy_car[0m[2m:[0m AI State: NavigateToSpot, Throttle: 0.10, Steering: 0.37, Brake: false
[2m2026-04-06T19:17:15.678057Z[0m [32m INFO[0m [2mbevy_car[0m[2m:[0m AI State: NavigateToSpot, Throttle: 0.10, Steering: 0.37, Brake: false
[2m2026-04-06T19:17:15.697438Z[0m [32m INFO[0m [2mbevy_car[0m[2m:[0m AI State: NavigateToSpot, Throttle: 0.10, Steering: 0.37, Brake: false
[2m2026-04-06T19:17:15.721427Z[0m [32m INFO[0m [2mbevy_car[0m[2m:[0m AI State: NavigateToSpot, Throttle: 0.10, Steering: 0.37, Brake: false
[2m2026-04-06T19:17:15.739646Z[0m [32m INFO[0m [2mbevy_car[0m[2m:[0m AI State: NavigateToSpot, Throttle: 0.10, Steering: 0.37, Brake: false
{
  "ai_enabled": true,
  "ai_input": {
    "brake": false,
    "steering": 0.36424461007118225,
    "throttle": 0.10000000149011612
  },
  "car_forward": {
    "x": 0.26284822821617126,
    "z": -0.9648372530937195
  },
  "car_position": {
    "x": -3.1550025939941406,
    "y": 0.7989314794540405,
    "z": -2.8776562213897705
  },
  "car_rotation_y_deg": -15.239133834838867,
  "car_speed": 2.4705676393566023e-10,
  "sensors": {
    "back": 9.132625579833984,
    "back_left": 10.0,
    "back_right": 9.877766609191895,
    "front": 7.831564903259277,
    "front_left": 1.0687894821166992,
    "front_right": 10.0,
    "left": 10.0,
    "right": 10.0
  },
  "timestamp": 58.01029586791992,
  "velocity": {
    "x": -2.7617487738530536e-17,
    "z": 5.523497547706107e-17
  }
}
[2m2026-04-06T19:17:16.654901Z[0m [32m INFO[0m [2mbevy_car[0m[2m:[0m AI State: NavigateToSpot, Throttle: 0.10, Steering: 0.36, Brake: false
[2m2026-04-06T19:17:16.672258Z[0m [32m INFO[0m [2mbevy_car[0m[2m:[0m AI State: NavigateToSpot, Throttle: 0.10, Steering: 0.36, Brake: false
[2m2026-04-06T19:17:16.693153Z[0m [32m INFO[0m [2mbevy_car[0m[2m:[0m AI State: NavigateToSpot, Throttle: 0.10, Steering: 0.36, Brake: false
[2m2026-04-06T19:17:16.714712Z[0m [32m INFO[0m [2mbevy_car[0m[2m:[0m AI State: NavigateToSpot, Throttle: 0.10, Steering: 0.36, Brake: false
[2m2026-04-06T19:17:16.736206Z[0m [32m INFO[0m [2mbevy_car[0m[2m:[0m AI State: NavigateToSpot, Throttle: 0.10, Steering: 0.36, Brake: false
{
  "ai_enabled": true,
  "ai_input": {
    "brake": false,
    "steering": 0.3642461597919464,
    "throttle": 0.10000000149011612
  },
  "car_forward": {
    "x": 0.26284822821617126,
    "z": -0.9648372530937195
  },
  "car_position": {
    "x": -3.154995918273926,
    "y": 0.7989292144775391,
    "z": -2.877680540084839
  },
  "car_rotation_y_deg": -15.239133834838867,
  "car_speed": 2.2093657459087979e-10,
  "sensors": {
    "back": 9.132651329040527,
    "back_left": 10.0,
    "back_right": 9.87779426574707,
    "front": 7.831539630889893,
    "front_left": 1.0687620639801025,
    "front_right": 10.0,
    "left": 10.0,
    "right": 10.0
  },
  "timestamp": 59.01106643676758,
  "velocity": {
    "x": 0.0,
    "z": -5.526597820641956e-17
  }
}
[2m2026-04-06T19:17:17.654929Z[0m [32m INFO[0m [2mbevy_car[0m[2m:[0m AI State: NavigateToSpot, Throttle: 0.10, Steering: 0.36, Brake: false
[2m2026-04-06T19:17:17.676459Z[0m [32m INFO[0m [2mbevy_car[0m[2m:[0m AI State: NavigateToSpot, Throttle: 0.10, Steering: 0.36, Brake: false
[2m2026-04-06T19:17:17.694824Z[0m [32m INFO[0m [2mbevy_car[0m[2m:[0m AI State: NavigateToSpot, Throttle: 0.10, Steering: 0.36, Brake: false
[2m2026-04-06T19:17:17.715124Z[0m [32m INFO[0m [2mbevy_car[0m[2m:[0m AI State: NavigateToSpot, Throttle: 0.10, Steering: 0.36, Brake: false
[2m2026-04-06T19:17:17.734382Z[0m [32m INFO[0m [2mbevy_car[0m[2m:[0m AI State: NavigateToSpot, Throttle: 0.10, Steering: 0.36, Brake: false
{
  "ai_enabled": true,
  "ai_input": {
    "brake": false,
    "steering": 1.0,
    "throttle": -0.5
  },
  "car_forward": {
    "x": 0.26284822821617126,
    "z": -0.9648372530937195
  },
  "car_position": {
    "x": -3.1558096408843994,
    "y": 0.7989310026168823,
    "z": -2.8746931552886963
  },
  "car_rotation_y_deg": -15.239133834838867,
  "car_speed": 0.05604000389575958,
  "sensors": {
    "back": 9.130757331848145,
    "back_left": 10.0,
    "back_right": 9.875689506530762,
    "front": 7.833434104919434,
    "front_left": 1.0707284212112427,
    "front_right": 10.0,
    "left": 10.0,
    "right": 10.0
  },
  "timestamp": 60.001556396484375,
  "velocity": {
    "x": -0.014730014838278294,
    "z": 0.054069481790065765
  }
}
[2m2026-04-06T19:17:18.648233Z[0m [32m INFO[0m [2mbevy_car[0m[2m:[0m AI State: Avoiding, Throttle: -0.50, Steering: 1.00, Brake: false
[2m2026-04-06T19:17:18.662323Z[0m [32m INFO[0m [2mbevy_car[0m[2m:[0m AI State: Avoiding, Throttle: -0.50, Steering: 1.00, Brake: false
[2m2026-04-06T19:17:18.685525Z[0m [32m INFO[0m [2mbevy_car[0m[2m:[0m AI State: Avoiding, Throttle: -0.50, Steering: 1.00, Brake: false
[2m2026-04-06T19:17:18.710485Z[0m [32m INFO[0m [2mbevy_car[0m[2m:[0m AI State: Avoiding, Throttle: -0.50, Steering: 1.00, Brake: false
[2m2026-04-06T19:17:18.737594Z[0m [32m INFO[0m [2mbevy_car[0m[2m:[0m AI State: Avoiding, Throttle: -0.50, Steering: 1.00, Brake: false
{
  "ai_enabled": true,
  "ai_input": {
    "brake": false,
    "steering": 0.3688947856426239,
    "throttle": 0.10000000149011612
  },
  "car_forward": {
    "x": 0.26251086592674255,
    "z": -0.9649289846420288
  },
  "car_position": {
    "x": -3.136742353439331,
    "y": 0.7989313006401062,
    "z": -2.9447689056396484
  },
  "car_rotation_y_deg": -15.219100952148438,
  "car_speed": 2.257899700541799e-10,
  "sensors": {
    "back": 9.201108932495117,
    "back_left": 10.0,
    "back_right": 9.957194328308105,
    "front": 7.761067867279053,
    "front_left": 0.9967040419578552,
    "front_right": 10.0,
    "left": 10.0,
    "right": 10.0
  },
  "timestamp": 61.02070236206055,
  "velocity": {
    "x": 0.0,
    "z": 0.0
  }
}
[2m2026-04-06T19:17:19.667768Z[0m [32m INFO[0m [2mbevy_car[0m[2m:[0m AI State: NavigateToSpot, Throttle: 0.10, Steering: 0.37, Brake: false
[2m2026-04-06T19:17:19.686682Z[0m [32m INFO[0m [2mbevy_car[0m[2m:[0m AI State: NavigateToSpot, Throttle: 0.10, Steering: 0.37, Brake: false
[2m2026-04-06T19:17:19.706111Z[0m [32m INFO[0m [2mbevy_car[0m[2m:[0m AI State: NavigateToSpot, Throttle: 0.10, Steering: 0.37, Brake: false
[2m2026-04-06T19:17:19.728157Z[0m [32m INFO[0m [2mbevy_car[0m[2m:[0m AI State: NavigateToSpot, Throttle: 0.10, Steering: 0.37, Brake: false
